DEBUG - 2025-07-30 01:23:50 --> Session: Class initialized using 'CodeIgniter\Session\Handlers\FileHandler' driver.
DEBUG - 2025-07-30 01:24:00 --> Session: Class initialized using 'CodeIgniter\Session\Handlers\FileHandler' driver.
DEBUG - 2025-07-30 01:24:00 --> Session: Class initialized using 'CodeIgniter\Session\Handlers\FileHandler' driver.
WARNING - 2025-07-30 01:24:29 --> [DEPRECATED] Creation of dynamic property CodeIgniter\HTTP\IncomingRequest::$user is deprecated in APPPATH/Filters/AuthFilter.php on line 42.
 1 SYSTEMPATH/Filters/Filters.php(241): App\Filters\AuthFilter->before(Object(CodeIgniter\HTTP\IncomingRequest), null)
 2 SYSTEMPATH/Filters/Filters.php(221): CodeIgniter\Filters\Filters->runBefore([...])
 3 SYSTEMPATH/CodeIgniter.php(479): CodeIgniter\Filters\Filters->run('dashboard', 'before')
 4 SYSTEMPATH/CodeIgniter.php(354): CodeIgniter\CodeIgniter->handleRequest(null, Object(Config\Cache), false)
 5 SYSTEMPATH/Boot.php(334): CodeIgniter\CodeIgniter->run()
 6 SYSTEMPATH/Boot.php(67): CodeIgniter\Boot::runCodeIgniter(Object(CodeIgniter\CodeIgniter))
 7 FCPATH/index.php(59): CodeIgniter\Boot::bootWeb(Object(Config\Paths))
 8 SYSTEMPATH/rewrite.php(44): require_once('/opt/thors/playground/codeigneter/madinah-ci4/public/index.php')
DEBUG - 2025-07-30 01:24:29 --> Session: Class initialized using 'CodeIgniter\Session\Handlers\FileHandler' driver.
CRITICAL - 2025-07-30 01:24:29 --> ErrorException: Trying to access array offset on null
[Method: GET, Route: dashboard]
in APPPATH/Views/layouts/header_dashboard.php on line 8.
 1 APPPATH/Views/layouts/header_dashboard.php(8): CodeIgniter\Debug\Exceptions->errorHandler()
 2 SYSTEMPATH/View/View.php(224): include('/opt/thors/playground/codeigneter/madinah-ci4/app/Views/layouts/header_dashboard.php')
 3 SYSTEMPATH/View/View.php(227): CodeIgniter\View\View->CodeIgniter\View\{closure}()
 4 SYSTEMPATH/Common.php(1173): CodeIgniter\View\View->render()
 5 APPPATH/Controllers/BaseController.php(74): view()
 6 APPPATH/Controllers/DashboardController.php(12): App\Controllers\BaseController->render_dashboard()
 7 SYSTEMPATH/CodeIgniter.php(933): App\Controllers\DashboardController->index()
 8 SYSTEMPATH/CodeIgniter.php(507): CodeIgniter\CodeIgniter->runController()
 9 SYSTEMPATH/CodeIgniter.php(354): CodeIgniter\CodeIgniter->handleRequest()
10 SYSTEMPATH/Boot.php(334): CodeIgniter\CodeIgniter->run()
11 SYSTEMPATH/Boot.php(67): CodeIgniter\Boot::runCodeIgniter()
12 FCPATH/index.php(59): CodeIgniter\Boot::bootWeb()
13 SYSTEMPATH/rewrite.php(44): require_once('/opt/thors/playground/codeigneter/madinah-ci4/public/index.php')
WARNING - 2025-07-30 01:25:28 --> [DEPRECATED] Creation of dynamic property CodeIgniter\HTTP\IncomingRequest::$user is deprecated in APPPATH/Filters/AuthFilter.php on line 42.
 1 SYSTEMPATH/Filters/Filters.php(241): App\Filters\AuthFilter->before(Object(CodeIgniter\HTTP\IncomingRequest), null)
 2 SYSTEMPATH/Filters/Filters.php(221): CodeIgniter\Filters\Filters->runBefore([...])
 3 SYSTEMPATH/CodeIgniter.php(479): CodeIgniter\Filters\Filters->run('dashboard', 'before')
 4 SYSTEMPATH/CodeIgniter.php(354): CodeIgniter\CodeIgniter->handleRequest(null, Object(Config\Cache), false)
 5 SYSTEMPATH/Boot.php(334): CodeIgniter\CodeIgniter->run()
 6 SYSTEMPATH/Boot.php(67): CodeIgniter\Boot::runCodeIgniter(Object(CodeIgniter\CodeIgniter))
 7 FCPATH/index.php(59): CodeIgniter\Boot::bootWeb(Object(Config\Paths))
 8 SYSTEMPATH/rewrite.php(44): require_once('/opt/thors/playground/codeigneter/madinah-ci4/public/index.php')
DEBUG - 2025-07-30 01:25:28 --> Session: Class initialized using 'CodeIgniter\Session\Handlers\FileHandler' driver.
CRITICAL - 2025-07-30 01:30:29 --> TypeError: CodeIgniter\Cookie\Cookie::validatePrefix(): Argument #1 ($prefix) must be of type string, false given, called in /opt/thors/playground/codeigneter/madinah-ci4/system/Cookie/Cookie.php on line 232
[Method: GET, Route: dashboard]
in SYSTEMPATH/Cookie/Cookie.php on line 741.
 1 SYSTEMPATH/Cookie/Cookie.php(232): CodeIgniter\Cookie\Cookie->validatePrefix()
 2 SYSTEMPATH/HTTP/ResponseTrait.php(545): CodeIgniter\Cookie\Cookie->__construct()
 3 APPPATH/Filters/AuthFilter.php(58): CodeIgniter\HTTP\Response->setCookie()
 4 SYSTEMPATH/Filters/Filters.php(241): App\Filters\AuthFilter->before()
 5 SYSTEMPATH/Filters/Filters.php(221): CodeIgniter\Filters\Filters->runBefore()
 6 SYSTEMPATH/CodeIgniter.php(479): CodeIgniter\Filters\Filters->run()
 7 SYSTEMPATH/CodeIgniter.php(354): CodeIgniter\CodeIgniter->handleRequest()
 8 SYSTEMPATH/Boot.php(334): CodeIgniter\CodeIgniter->run()
 9 SYSTEMPATH/Boot.php(67): CodeIgniter\Boot::runCodeIgniter()
10 FCPATH/index.php(59): CodeIgniter\Boot::bootWeb()
11 SYSTEMPATH/rewrite.php(44): require_once('/opt/thors/playground/codeigneter/madinah-ci4/public/index.php')
DEBUG - 2025-07-30 01:30:45 --> Session: Class initialized using 'CodeIgniter\Session\Handlers\FileHandler' driver.
WARNING - 2025-07-30 01:31:01 --> [DEPRECATED] Creation of dynamic property CodeIgniter\HTTP\IncomingRequest::$user is deprecated in APPPATH/Filters/AuthFilter.php on line 42.
 1 SYSTEMPATH/Filters/Filters.php(241): App\Filters\AuthFilter->before(Object(CodeIgniter\HTTP\IncomingRequest), null)
 2 SYSTEMPATH/Filters/Filters.php(221): CodeIgniter\Filters\Filters->runBefore([...])
 3 SYSTEMPATH/CodeIgniter.php(479): CodeIgniter\Filters\Filters->run('dashboard', 'before')
 4 SYSTEMPATH/CodeIgniter.php(354): CodeIgniter\CodeIgniter->handleRequest(null, Object(Config\Cache), false)
 5 SYSTEMPATH/Boot.php(334): CodeIgniter\CodeIgniter->run()
 6 SYSTEMPATH/Boot.php(67): CodeIgniter\Boot::runCodeIgniter(Object(CodeIgniter\CodeIgniter))
 7 FCPATH/index.php(59): CodeIgniter\Boot::bootWeb(Object(Config\Paths))
 8 SYSTEMPATH/rewrite.php(44): require_once('/opt/thors/playground/codeigneter/madinah-ci4/public/index.php')
DEBUG - 2025-07-30 01:31:01 --> Session: Class initialized using 'CodeIgniter\Session\Handlers\FileHandler' driver.
WARNING - 2025-07-30 01:31:19 --> [DEPRECATED] Creation of dynamic property CodeIgniter\HTTP\IncomingRequest::$user is deprecated in APPPATH/Filters/AuthFilter.php on line 42.
 1 SYSTEMPATH/Filters/Filters.php(241): App\Filters\AuthFilter->before(Object(CodeIgniter\HTTP\IncomingRequest), null)
 2 SYSTEMPATH/Filters/Filters.php(221): CodeIgniter\Filters\Filters->runBefore([...])
 3 SYSTEMPATH/CodeIgniter.php(479): CodeIgniter\Filters\Filters->run('dashboard', 'before')
 4 SYSTEMPATH/CodeIgniter.php(354): CodeIgniter\CodeIgniter->handleRequest(null, Object(Config\Cache), false)
 5 SYSTEMPATH/Boot.php(334): CodeIgniter\CodeIgniter->run()
 6 SYSTEMPATH/Boot.php(67): CodeIgniter\Boot::runCodeIgniter(Object(CodeIgniter\CodeIgniter))
 7 FCPATH/index.php(59): CodeIgniter\Boot::bootWeb(Object(Config\Paths))
 8 SYSTEMPATH/rewrite.php(44): require_once('/opt/thors/playground/codeigneter/madinah-ci4/public/index.php')
DEBUG - 2025-07-30 01:31:19 --> Session: Class initialized using 'CodeIgniter\Session\Handlers\FileHandler' driver.
WARNING - 2025-07-30 01:33:36 --> [DEPRECATED] Creation of dynamic property CodeIgniter\HTTP\IncomingRequest::$user is deprecated in APPPATH/Filters/AuthFilter.php on line 42.
 1 SYSTEMPATH/Filters/Filters.php(241): App\Filters\AuthFilter->before(Object(CodeIgniter\HTTP\IncomingRequest), null)
 2 SYSTEMPATH/Filters/Filters.php(221): CodeIgniter\Filters\Filters->runBefore([...])
 3 SYSTEMPATH/CodeIgniter.php(479): CodeIgniter\Filters\Filters->run('dashboard', 'before')
 4 SYSTEMPATH/CodeIgniter.php(354): CodeIgniter\CodeIgniter->handleRequest(null, Object(Config\Cache), false)
 5 SYSTEMPATH/Boot.php(334): CodeIgniter\CodeIgniter->run()
 6 SYSTEMPATH/Boot.php(67): CodeIgniter\Boot::runCodeIgniter(Object(CodeIgniter\CodeIgniter))
 7 FCPATH/index.php(59): CodeIgniter\Boot::bootWeb(Object(Config\Paths))
 8 SYSTEMPATH/rewrite.php(44): require_once('/opt/thors/playground/codeigneter/madinah-ci4/public/index.php')
DEBUG - 2025-07-30 01:33:36 --> Session: Class initialized using 'CodeIgniter\Session\Handlers\FileHandler' driver.
CRITICAL - 2025-07-30 01:33:36 --> TypeError: CodeIgniter\Cookie\Cookie::validatePrefix(): Argument #1 ($prefix) must be of type string, false given, called in /opt/thors/playground/codeigneter/madinah-ci4/system/Cookie/Cookie.php on line 232
[Method: GET, Route: dashboard]
in SYSTEMPATH/Cookie/Cookie.php on line 741.
 1 SYSTEMPATH/Cookie/Cookie.php(232): CodeIgniter\Cookie\Cookie->validatePrefix()
 2 SYSTEMPATH/HTTP/ResponseTrait.php(545): CodeIgniter\Cookie\Cookie->__construct()
 3 APPPATH/Filters/AuthFilter.php(57): CodeIgniter\HTTP\Response->setCookie()
 4 SYSTEMPATH/Filters/Filters.php(241): App\Filters\AuthFilter->before()
 5 SYSTEMPATH/Filters/Filters.php(221): CodeIgniter\Filters\Filters->runBefore()
 6 SYSTEMPATH/CodeIgniter.php(479): CodeIgniter\Filters\Filters->run()
 7 SYSTEMPATH/CodeIgniter.php(354): CodeIgniter\CodeIgniter->handleRequest()
 8 SYSTEMPATH/Boot.php(334): CodeIgniter\CodeIgniter->run()
 9 SYSTEMPATH/Boot.php(67): CodeIgniter\Boot::runCodeIgniter()
10 FCPATH/index.php(59): CodeIgniter\Boot::bootWeb()
11 SYSTEMPATH/rewrite.php(44): require_once('/opt/thors/playground/codeigneter/madinah-ci4/public/index.php')
DEBUG - 2025-07-30 01:33:41 --> Session: Class initialized using 'CodeIgniter\Session\Handlers\FileHandler' driver.
WARNING - 2025-07-30 01:33:41 --> [DEPRECATED] Creation of dynamic property CodeIgniter\HTTP\IncomingRequest::$user is deprecated in APPPATH/Filters/AuthFilter.php on line 42.
 1 SYSTEMPATH/Filters/Filters.php(241): App\Filters\AuthFilter->before(Object(CodeIgniter\HTTP\IncomingRequest), null)
 2 SYSTEMPATH/Filters/Filters.php(221): CodeIgniter\Filters\Filters->runBefore([...])
 3 SYSTEMPATH/CodeIgniter.php(479): CodeIgniter\Filters\Filters->run('dashboard', 'before')
 4 SYSTEMPATH/CodeIgniter.php(354): CodeIgniter\CodeIgniter->handleRequest(null, Object(Config\Cache), false)
 5 SYSTEMPATH/Boot.php(334): CodeIgniter\CodeIgniter->run()
 6 SYSTEMPATH/Boot.php(67): CodeIgniter\Boot::runCodeIgniter(Object(CodeIgniter\CodeIgniter))
 7 FCPATH/index.php(59): CodeIgniter\Boot::bootWeb(Object(Config\Paths))
 8 SYSTEMPATH/rewrite.php(44): require_once('/opt/thors/playground/codeigneter/madinah-ci4/public/index.php')
DEBUG - 2025-07-30 01:33:41 --> Session: Class initialized using 'CodeIgniter\Session\Handlers\FileHandler' driver.
CRITICAL - 2025-07-30 01:33:41 --> TypeError: CodeIgniter\Cookie\Cookie::validatePrefix(): Argument #1 ($prefix) must be of type string, false given, called in /opt/thors/playground/codeigneter/madinah-ci4/system/Cookie/Cookie.php on line 232
[Method: GET, Route: dashboard]
in SYSTEMPATH/Cookie/Cookie.php on line 741.
 1 SYSTEMPATH/Cookie/Cookie.php(232): CodeIgniter\Cookie\Cookie->validatePrefix()
 2 SYSTEMPATH/HTTP/ResponseTrait.php(545): CodeIgniter\Cookie\Cookie->__construct()
 3 APPPATH/Filters/AuthFilter.php(57): CodeIgniter\HTTP\Response->setCookie()
 4 SYSTEMPATH/Filters/Filters.php(241): App\Filters\AuthFilter->before()
 5 SYSTEMPATH/Filters/Filters.php(221): CodeIgniter\Filters\Filters->runBefore()
 6 SYSTEMPATH/CodeIgniter.php(479): CodeIgniter\Filters\Filters->run()
 7 SYSTEMPATH/CodeIgniter.php(354): CodeIgniter\CodeIgniter->handleRequest()
 8 SYSTEMPATH/Boot.php(334): CodeIgniter\CodeIgniter->run()
 9 SYSTEMPATH/Boot.php(67): CodeIgniter\Boot::runCodeIgniter()
10 FCPATH/index.php(59): CodeIgniter\Boot::bootWeb()
11 SYSTEMPATH/rewrite.php(44): require_once('/opt/thors/playground/codeigneter/madinah-ci4/public/index.php')
DEBUG - 2025-07-30 01:33:42 --> Session: Class initialized using 'CodeIgniter\Session\Handlers\FileHandler' driver.
WARNING - 2025-07-30 01:33:42 --> [DEPRECATED] Creation of dynamic property CodeIgniter\HTTP\IncomingRequest::$user is deprecated in APPPATH/Filters/AuthFilter.php on line 42.
 1 SYSTEMPATH/Filters/Filters.php(241): App\Filters\AuthFilter->before(Object(CodeIgniter\HTTP\IncomingRequest), null)
 2 SYSTEMPATH/Filters/Filters.php(221): CodeIgniter\Filters\Filters->runBefore([...])
 3 SYSTEMPATH/CodeIgniter.php(479): CodeIgniter\Filters\Filters->run('dashboard', 'before')
 4 SYSTEMPATH/CodeIgniter.php(354): CodeIgniter\CodeIgniter->handleRequest(null, Object(Config\Cache), false)
 5 SYSTEMPATH/Boot.php(334): CodeIgniter\CodeIgniter->run()
 6 SYSTEMPATH/Boot.php(67): CodeIgniter\Boot::runCodeIgniter(Object(CodeIgniter\CodeIgniter))
 7 FCPATH/index.php(59): CodeIgniter\Boot::bootWeb(Object(Config\Paths))
 8 SYSTEMPATH/rewrite.php(44): require_once('/opt/thors/playground/codeigneter/madinah-ci4/public/index.php')
DEBUG - 2025-07-30 01:33:42 --> Session: Class initialized using 'CodeIgniter\Session\Handlers\FileHandler' driver.
CRITICAL - 2025-07-30 01:33:42 --> TypeError: CodeIgniter\Cookie\Cookie::validatePrefix(): Argument #1 ($prefix) must be of type string, false given, called in /opt/thors/playground/codeigneter/madinah-ci4/system/Cookie/Cookie.php on line 232
[Method: GET, Route: dashboard]
in SYSTEMPATH/Cookie/Cookie.php on line 741.
 1 SYSTEMPATH/Cookie/Cookie.php(232): CodeIgniter\Cookie\Cookie->validatePrefix()
 2 SYSTEMPATH/HTTP/ResponseTrait.php(545): CodeIgniter\Cookie\Cookie->__construct()
 3 APPPATH/Filters/AuthFilter.php(57): CodeIgniter\HTTP\Response->setCookie()
 4 SYSTEMPATH/Filters/Filters.php(241): App\Filters\AuthFilter->before()
 5 SYSTEMPATH/Filters/Filters.php(221): CodeIgniter\Filters\Filters->runBefore()
 6 SYSTEMPATH/CodeIgniter.php(479): CodeIgniter\Filters\Filters->run()
 7 SYSTEMPATH/CodeIgniter.php(354): CodeIgniter\CodeIgniter->handleRequest()
 8 SYSTEMPATH/Boot.php(334): CodeIgniter\CodeIgniter->run()
 9 SYSTEMPATH/Boot.php(67): CodeIgniter\Boot::runCodeIgniter()
10 FCPATH/index.php(59): CodeIgniter\Boot::bootWeb()
11 SYSTEMPATH/rewrite.php(44): require_once('/opt/thors/playground/codeigneter/madinah-ci4/public/index.php')
WARNING - 2025-07-30 01:34:06 --> [DEPRECATED] Creation of dynamic property CodeIgniter\HTTP\IncomingRequest::$user is deprecated in APPPATH/Filters/AuthFilter.php on line 42.
 1 SYSTEMPATH/Filters/Filters.php(241): App\Filters\AuthFilter->before(Object(CodeIgniter\HTTP\IncomingRequest), null)
 2 SYSTEMPATH/Filters/Filters.php(221): CodeIgniter\Filters\Filters->runBefore([...])
 3 SYSTEMPATH/CodeIgniter.php(479): CodeIgniter\Filters\Filters->run('dashboard', 'before')
 4 SYSTEMPATH/CodeIgniter.php(354): CodeIgniter\CodeIgniter->handleRequest(null, Object(Config\Cache), false)
 5 SYSTEMPATH/Boot.php(334): CodeIgniter\CodeIgniter->run()
 6 SYSTEMPATH/Boot.php(67): CodeIgniter\Boot::runCodeIgniter(Object(CodeIgniter\CodeIgniter))
 7 FCPATH/index.php(59): CodeIgniter\Boot::bootWeb(Object(Config\Paths))
 8 SYSTEMPATH/rewrite.php(44): require_once('/opt/thors/playground/codeigneter/madinah-ci4/public/index.php')
DEBUG - 2025-07-30 01:34:06 --> Session: Class initialized using 'CodeIgniter\Session\Handlers\FileHandler' driver.
CRITICAL - 2025-07-30 01:34:06 --> TypeError: CodeIgniter\Cookie\Cookie::validatePrefix(): Argument #1 ($prefix) must be of type string, false given, called in /opt/thors/playground/codeigneter/madinah-ci4/system/Cookie/Cookie.php on line 232
[Method: GET, Route: dashboard]
in SYSTEMPATH/Cookie/Cookie.php on line 741.
 1 SYSTEMPATH/Cookie/Cookie.php(232): CodeIgniter\Cookie\Cookie->validatePrefix()
 2 SYSTEMPATH/HTTP/ResponseTrait.php(545): CodeIgniter\Cookie\Cookie->__construct()
 3 APPPATH/Filters/AuthFilter.php(57): CodeIgniter\HTTP\Response->setCookie()
 4 SYSTEMPATH/Filters/Filters.php(241): App\Filters\AuthFilter->before()
 5 SYSTEMPATH/Filters/Filters.php(221): CodeIgniter\Filters\Filters->runBefore()
 6 SYSTEMPATH/CodeIgniter.php(479): CodeIgniter\Filters\Filters->run()
 7 SYSTEMPATH/CodeIgniter.php(354): CodeIgniter\CodeIgniter->handleRequest()
 8 SYSTEMPATH/Boot.php(334): CodeIgniter\CodeIgniter->run()
 9 SYSTEMPATH/Boot.php(67): CodeIgniter\Boot::runCodeIgniter()
10 FCPATH/index.php(59): CodeIgniter\Boot::bootWeb()
11 SYSTEMPATH/rewrite.php(44): require_once('/opt/thors/playground/codeigneter/madinah-ci4/public/index.php')
CRITICAL - 2025-07-30 01:38:55 --> TypeError: CodeIgniter\Cookie\Cookie::validatePrefix(): Argument #1 ($prefix) must be of type string, false given, called in /opt/thors/playground/codeigneter/madinah-ci4/system/Cookie/Cookie.php on line 232
[Method: GET, Route: dashboard]
in SYSTEMPATH/Cookie/Cookie.php on line 741.
 1 SYSTEMPATH/Cookie/Cookie.php(232): CodeIgniter\Cookie\Cookie->validatePrefix()
 2 SYSTEMPATH/HTTP/ResponseTrait.php(545): CodeIgniter\Cookie\Cookie->__construct()
 3 APPPATH/Filters/AuthFilter.php(60): CodeIgniter\HTTP\Response->setCookie()
 4 SYSTEMPATH/Filters/Filters.php(241): App\Filters\AuthFilter->before()
 5 SYSTEMPATH/Filters/Filters.php(221): CodeIgniter\Filters\Filters->runBefore()
 6 SYSTEMPATH/CodeIgniter.php(479): CodeIgniter\Filters\Filters->run()
 7 SYSTEMPATH/CodeIgniter.php(354): CodeIgniter\CodeIgniter->handleRequest()
 8 SYSTEMPATH/Boot.php(334): CodeIgniter\CodeIgniter->run()
 9 SYSTEMPATH/Boot.php(67): CodeIgniter\Boot::runCodeIgniter()
10 FCPATH/index.php(59): CodeIgniter\Boot::bootWeb()
11 SYSTEMPATH/rewrite.php(44): require_once('/opt/thors/playground/codeigneter/madinah-ci4/public/index.php')
CRITICAL - 2025-07-30 01:38:56 --> TypeError: CodeIgniter\Cookie\Cookie::validatePrefix(): Argument #1 ($prefix) must be of type string, false given, called in /opt/thors/playground/codeigneter/madinah-ci4/system/Cookie/Cookie.php on line 232
[Method: GET, Route: dashboard]
in SYSTEMPATH/Cookie/Cookie.php on line 741.
 1 SYSTEMPATH/Cookie/Cookie.php(232): CodeIgniter\Cookie\Cookie->validatePrefix()
 2 SYSTEMPATH/HTTP/ResponseTrait.php(545): CodeIgniter\Cookie\Cookie->__construct()
 3 APPPATH/Filters/AuthFilter.php(60): CodeIgniter\HTTP\Response->setCookie()
 4 SYSTEMPATH/Filters/Filters.php(241): App\Filters\AuthFilter->before()
 5 SYSTEMPATH/Filters/Filters.php(221): CodeIgniter\Filters\Filters->runBefore()
 6 SYSTEMPATH/CodeIgniter.php(479): CodeIgniter\Filters\Filters->run()
 7 SYSTEMPATH/CodeIgniter.php(354): CodeIgniter\CodeIgniter->handleRequest()
 8 SYSTEMPATH/Boot.php(334): CodeIgniter\CodeIgniter->run()
 9 SYSTEMPATH/Boot.php(67): CodeIgniter\Boot::runCodeIgniter()
10 FCPATH/index.php(59): CodeIgniter\Boot::bootWeb()
11 SYSTEMPATH/rewrite.php(44): require_once('/opt/thors/playground/codeigneter/madinah-ci4/public/index.php')
DEBUG - 2025-07-30 01:39:06 --> Session: Class initialized using 'CodeIgniter\Session\Handlers\FileHandler' driver.
WARNING - 2025-07-30 01:39:13 --> [DEPRECATED] Creation of dynamic property CodeIgniter\HTTP\IncomingRequest::$user is deprecated in APPPATH/Filters/AuthFilter.php on line 42.
 1 SYSTEMPATH/Filters/Filters.php(241): App\Filters\AuthFilter->before(Object(CodeIgniter\HTTP\IncomingRequest), null)
 2 SYSTEMPATH/Filters/Filters.php(221): CodeIgniter\Filters\Filters->runBefore([...])
 3 SYSTEMPATH/CodeIgniter.php(479): CodeIgniter\Filters\Filters->run('dashboard', 'before')
 4 SYSTEMPATH/CodeIgniter.php(354): CodeIgniter\CodeIgniter->handleRequest(null, Object(Config\Cache), false)
 5 SYSTEMPATH/Boot.php(334): CodeIgniter\CodeIgniter->run()
 6 SYSTEMPATH/Boot.php(67): CodeIgniter\Boot::runCodeIgniter(Object(CodeIgniter\CodeIgniter))
 7 FCPATH/index.php(59): CodeIgniter\Boot::bootWeb(Object(Config\Paths))
 8 SYSTEMPATH/rewrite.php(44): require_once('/opt/thors/playground/codeigneter/madinah-ci4/public/index.php')
DEBUG - 2025-07-30 01:39:13 --> Session: Class initialized using 'CodeIgniter\Session\Handlers\FileHandler' driver.
CRITICAL - 2025-07-30 01:39:13 --> TypeError: CodeIgniter\Cookie\Cookie::validatePrefix(): Argument #1 ($prefix) must be of type string, false given, called in /opt/thors/playground/codeigneter/madinah-ci4/system/Cookie/Cookie.php on line 232
[Method: GET, Route: dashboard]
in SYSTEMPATH/Cookie/Cookie.php on line 741.
 1 SYSTEMPATH/Cookie/Cookie.php(232): CodeIgniter\Cookie\Cookie->validatePrefix()
 2 SYSTEMPATH/HTTP/ResponseTrait.php(545): CodeIgniter\Cookie\Cookie->__construct()
 3 APPPATH/Filters/AuthFilter.php(60): CodeIgniter\HTTP\Response->setCookie()
 4 SYSTEMPATH/Filters/Filters.php(241): App\Filters\AuthFilter->before()
 5 SYSTEMPATH/Filters/Filters.php(221): CodeIgniter\Filters\Filters->runBefore()
 6 SYSTEMPATH/CodeIgniter.php(479): CodeIgniter\Filters\Filters->run()
 7 SYSTEMPATH/CodeIgniter.php(354): CodeIgniter\CodeIgniter->handleRequest()
 8 SYSTEMPATH/Boot.php(334): CodeIgniter\CodeIgniter->run()
 9 SYSTEMPATH/Boot.php(67): CodeIgniter\Boot::runCodeIgniter()
10 FCPATH/index.php(59): CodeIgniter\Boot::bootWeb()
11 SYSTEMPATH/rewrite.php(44): require_once('/opt/thors/playground/codeigneter/madinah-ci4/public/index.php')
WARNING - 2025-07-30 01:40:44 --> [DEPRECATED] Creation of dynamic property CodeIgniter\HTTP\IncomingRequest::$user is deprecated in APPPATH/Filters/AuthFilter.php on line 42.
 1 SYSTEMPATH/Filters/Filters.php(241): App\Filters\AuthFilter->before(Object(CodeIgniter\HTTP\IncomingRequest), null)
 2 SYSTEMPATH/Filters/Filters.php(221): CodeIgniter\Filters\Filters->runBefore([...])
 3 SYSTEMPATH/CodeIgniter.php(479): CodeIgniter\Filters\Filters->run('dashboard', 'before')
 4 SYSTEMPATH/CodeIgniter.php(354): CodeIgniter\CodeIgniter->handleRequest(null, Object(Config\Cache), false)
 5 SYSTEMPATH/Boot.php(334): CodeIgniter\CodeIgniter->run()
 6 SYSTEMPATH/Boot.php(67): CodeIgniter\Boot::runCodeIgniter(Object(CodeIgniter\CodeIgniter))
 7 FCPATH/index.php(59): CodeIgniter\Boot::bootWeb(Object(Config\Paths))
 8 SYSTEMPATH/rewrite.php(44): require_once('/opt/thors/playground/codeigneter/madinah-ci4/public/index.php')
DEBUG - 2025-07-30 01:40:44 --> Session: Class initialized using 'CodeIgniter\Session\Handlers\FileHandler' driver.
WARNING - 2025-07-30 01:41:11 --> [DEPRECATED] Creation of dynamic property CodeIgniter\HTTP\IncomingRequest::$user is deprecated in APPPATH/Filters/AuthFilter.php on line 42.
 1 SYSTEMPATH/Filters/Filters.php(241): App\Filters\AuthFilter->before(Object(CodeIgniter\HTTP\IncomingRequest), null)
 2 SYSTEMPATH/Filters/Filters.php(221): CodeIgniter\Filters\Filters->runBefore([...])
 3 SYSTEMPATH/CodeIgniter.php(479): CodeIgniter\Filters\Filters->run('dashboard', 'before')
 4 SYSTEMPATH/CodeIgniter.php(354): CodeIgniter\CodeIgniter->handleRequest(null, Object(Config\Cache), false)
 5 SYSTEMPATH/Boot.php(334): CodeIgniter\CodeIgniter->run()
 6 SYSTEMPATH/Boot.php(67): CodeIgniter\Boot::runCodeIgniter(Object(CodeIgniter\CodeIgniter))
 7 FCPATH/index.php(59): CodeIgniter\Boot::bootWeb(Object(Config\Paths))
 8 SYSTEMPATH/rewrite.php(44): require_once('/opt/thors/playground/codeigneter/madinah-ci4/public/index.php')
DEBUG - 2025-07-30 01:41:11 --> Session: Class initialized using 'CodeIgniter\Session\Handlers\FileHandler' driver.
WARNING - 2025-07-30 01:42:21 --> [DEPRECATED] Creation of dynamic property CodeIgniter\HTTP\IncomingRequest::$user is deprecated in APPPATH/Filters/AuthFilter.php on line 42.
 1 SYSTEMPATH/Filters/Filters.php(241): App\Filters\AuthFilter->before(Object(CodeIgniter\HTTP\IncomingRequest), null)
 2 SYSTEMPATH/Filters/Filters.php(221): CodeIgniter\Filters\Filters->runBefore([...])
 3 SYSTEMPATH/CodeIgniter.php(479): CodeIgniter\Filters\Filters->run('dashboard', 'before')
 4 SYSTEMPATH/CodeIgniter.php(354): CodeIgniter\CodeIgniter->handleRequest(null, Object(Config\Cache), false)
 5 SYSTEMPATH/Boot.php(334): CodeIgniter\CodeIgniter->run()
 6 SYSTEMPATH/Boot.php(67): CodeIgniter\Boot::runCodeIgniter(Object(CodeIgniter\CodeIgniter))
 7 FCPATH/index.php(59): CodeIgniter\Boot::bootWeb(Object(Config\Paths))
 8 SYSTEMPATH/rewrite.php(44): require_once('/opt/thors/playground/codeigneter/madinah-ci4/public/index.php')
DEBUG - 2025-07-30 01:42:21 --> Session: Class initialized using 'CodeIgniter\Session\Handlers\FileHandler' driver.
CRITICAL - 2025-07-30 01:51:55 --> TypeError: CodeIgniter\Cookie\Cookie::validatePrefix(): Argument #1 ($prefix) must be of type string, false given, called in /opt/thors/playground/codeigneter/madinah-ci4/system/Cookie/Cookie.php on line 232
[Method: GET, Route: dashboard]
in SYSTEMPATH/Cookie/Cookie.php on line 741.
 1 SYSTEMPATH/Cookie/Cookie.php(232): CodeIgniter\Cookie\Cookie->validatePrefix()
 2 SYSTEMPATH/HTTP/ResponseTrait.php(545): CodeIgniter\Cookie\Cookie->__construct()
 3 APPPATH/Filters/AuthFilter.php(60): CodeIgniter\HTTP\Response->setCookie()
 4 SYSTEMPATH/Filters/Filters.php(241): App\Filters\AuthFilter->before()
 5 SYSTEMPATH/Filters/Filters.php(221): CodeIgniter\Filters\Filters->runBefore()
 6 SYSTEMPATH/CodeIgniter.php(479): CodeIgniter\Filters\Filters->run()
 7 SYSTEMPATH/CodeIgniter.php(354): CodeIgniter\CodeIgniter->handleRequest()
 8 SYSTEMPATH/Boot.php(334): CodeIgniter\CodeIgniter->run()
 9 SYSTEMPATH/Boot.php(67): CodeIgniter\Boot::runCodeIgniter()
10 FCPATH/index.php(59): CodeIgniter\Boot::bootWeb()
11 SYSTEMPATH/rewrite.php(44): require_once('/opt/thors/playground/codeigneter/madinah-ci4/public/index.php')
CRITICAL - 2025-07-30 01:52:01 --> TypeError: CodeIgniter\Cookie\Cookie::validatePrefix(): Argument #1 ($prefix) must be of type string, false given, called in /opt/thors/playground/codeigneter/madinah-ci4/system/Cookie/Cookie.php on line 232
[Method: GET, Route: dashboard]
in SYSTEMPATH/Cookie/Cookie.php on line 741.
 1 SYSTEMPATH/Cookie/Cookie.php(232): CodeIgniter\Cookie\Cookie->validatePrefix()
 2 SYSTEMPATH/HTTP/ResponseTrait.php(545): CodeIgniter\Cookie\Cookie->__construct()
 3 APPPATH/Filters/AuthFilter.php(60): CodeIgniter\HTTP\Response->setCookie()
 4 SYSTEMPATH/Filters/Filters.php(241): App\Filters\AuthFilter->before()
 5 SYSTEMPATH/Filters/Filters.php(221): CodeIgniter\Filters\Filters->runBefore()
 6 SYSTEMPATH/CodeIgniter.php(479): CodeIgniter\Filters\Filters->run()
 7 SYSTEMPATH/CodeIgniter.php(354): CodeIgniter\CodeIgniter->handleRequest()
 8 SYSTEMPATH/Boot.php(334): CodeIgniter\CodeIgniter->run()
 9 SYSTEMPATH/Boot.php(67): CodeIgniter\Boot::runCodeIgniter()
10 FCPATH/index.php(59): CodeIgniter\Boot::bootWeb()
11 SYSTEMPATH/rewrite.php(44): require_once('/opt/thors/playground/codeigneter/madinah-ci4/public/index.php')
CRITICAL - 2025-07-30 01:52:32 --> TypeError: CodeIgniter\Cookie\Cookie::validatePrefix(): Argument #1 ($prefix) must be of type string, false given, called in /opt/thors/playground/codeigneter/madinah-ci4/system/Cookie/Cookie.php on line 232
[Method: GET, Route: dashboard]
in SYSTEMPATH/Cookie/Cookie.php on line 741.
 1 SYSTEMPATH/Cookie/Cookie.php(232): CodeIgniter\Cookie\Cookie->validatePrefix()
 2 SYSTEMPATH/HTTP/ResponseTrait.php(545): CodeIgniter\Cookie\Cookie->__construct()
 3 APPPATH/Filters/AuthFilter.php(60): CodeIgniter\HTTP\Response->setCookie()
 4 SYSTEMPATH/Filters/Filters.php(241): App\Filters\AuthFilter->before()
 5 SYSTEMPATH/Filters/Filters.php(221): CodeIgniter\Filters\Filters->runBefore()
 6 SYSTEMPATH/CodeIgniter.php(479): CodeIgniter\Filters\Filters->run()
 7 SYSTEMPATH/CodeIgniter.php(354): CodeIgniter\CodeIgniter->handleRequest()
 8 SYSTEMPATH/Boot.php(334): CodeIgniter\CodeIgniter->run()
 9 SYSTEMPATH/Boot.php(67): CodeIgniter\Boot::runCodeIgniter()
10 FCPATH/index.php(59): CodeIgniter\Boot::bootWeb()
11 SYSTEMPATH/rewrite.php(44): require_once('/opt/thors/playground/codeigneter/madinah-ci4/public/index.php')
CRITICAL - 2025-07-30 01:52:35 --> TypeError: CodeIgniter\Cookie\Cookie::validatePrefix(): Argument #1 ($prefix) must be of type string, false given, called in /opt/thors/playground/codeigneter/madinah-ci4/system/Cookie/Cookie.php on line 232
[Method: GET, Route: dashboard]
in SYSTEMPATH/Cookie/Cookie.php on line 741.
 1 SYSTEMPATH/Cookie/Cookie.php(232): CodeIgniter\Cookie\Cookie->validatePrefix()
 2 SYSTEMPATH/HTTP/ResponseTrait.php(545): CodeIgniter\Cookie\Cookie->__construct()
 3 APPPATH/Filters/AuthFilter.php(60): CodeIgniter\HTTP\Response->setCookie()
 4 SYSTEMPATH/Filters/Filters.php(241): App\Filters\AuthFilter->before()
 5 SYSTEMPATH/Filters/Filters.php(221): CodeIgniter\Filters\Filters->runBefore()
 6 SYSTEMPATH/CodeIgniter.php(479): CodeIgniter\Filters\Filters->run()
 7 SYSTEMPATH/CodeIgniter.php(354): CodeIgniter\CodeIgniter->handleRequest()
 8 SYSTEMPATH/Boot.php(334): CodeIgniter\CodeIgniter->run()
 9 SYSTEMPATH/Boot.php(67): CodeIgniter\Boot::runCodeIgniter()
10 FCPATH/index.php(59): CodeIgniter\Boot::bootWeb()
11 SYSTEMPATH/rewrite.php(44): require_once('/opt/thors/playground/codeigneter/madinah-ci4/public/index.php')
DEBUG - 2025-07-30 01:52:38 --> Session: Class initialized using 'CodeIgniter\Session\Handlers\FileHandler' driver.
WARNING - 2025-07-30 01:52:48 --> [DEPRECATED] Creation of dynamic property CodeIgniter\HTTP\IncomingRequest::$user is deprecated in APPPATH/Filters/AuthFilter.php on line 42.
 1 SYSTEMPATH/Filters/Filters.php(241): App\Filters\AuthFilter->before(Object(CodeIgniter\HTTP\IncomingRequest), null)
 2 SYSTEMPATH/Filters/Filters.php(221): CodeIgniter\Filters\Filters->runBefore([...])
 3 SYSTEMPATH/CodeIgniter.php(479): CodeIgniter\Filters\Filters->run('dashboard', 'before')
 4 SYSTEMPATH/CodeIgniter.php(354): CodeIgniter\CodeIgniter->handleRequest(null, Object(Config\Cache), false)
 5 SYSTEMPATH/Boot.php(334): CodeIgniter\CodeIgniter->run()
 6 SYSTEMPATH/Boot.php(67): CodeIgniter\Boot::runCodeIgniter(Object(CodeIgniter\CodeIgniter))
 7 FCPATH/index.php(59): CodeIgniter\Boot::bootWeb(Object(Config\Paths))
 8 SYSTEMPATH/rewrite.php(44): require_once('/opt/thors/playground/codeigneter/madinah-ci4/public/index.php')
DEBUG - 2025-07-30 01:52:48 --> Session: Class initialized using 'CodeIgniter\Session\Handlers\FileHandler' driver.
WARNING - 2025-07-30 01:52:58 --> [DEPRECATED] Creation of dynamic property CodeIgniter\HTTP\IncomingRequest::$user is deprecated in APPPATH/Filters/AuthFilter.php on line 42.
 1 SYSTEMPATH/Filters/Filters.php(241): App\Filters\AuthFilter->before(Object(CodeIgniter\HTTP\IncomingRequest), null)
 2 SYSTEMPATH/Filters/Filters.php(221): CodeIgniter\Filters\Filters->runBefore([...])
 3 SYSTEMPATH/CodeIgniter.php(479): CodeIgniter\Filters\Filters->run('dashboard', 'before')
 4 SYSTEMPATH/CodeIgniter.php(354): CodeIgniter\CodeIgniter->handleRequest(null, Object(Config\Cache), false)
 5 SYSTEMPATH/Boot.php(334): CodeIgniter\CodeIgniter->run()
 6 SYSTEMPATH/Boot.php(67): CodeIgniter\Boot::runCodeIgniter(Object(CodeIgniter\CodeIgniter))
 7 FCPATH/index.php(59): CodeIgniter\Boot::bootWeb(Object(Config\Paths))
 8 SYSTEMPATH/rewrite.php(44): require_once('/opt/thors/playground/codeigneter/madinah-ci4/public/index.php')
DEBUG - 2025-07-30 01:52:58 --> Session: Class initialized using 'CodeIgniter\Session\Handlers\FileHandler' driver.
WARNING - 2025-07-30 01:53:00 --> [DEPRECATED] Creation of dynamic property CodeIgniter\HTTP\IncomingRequest::$user is deprecated in APPPATH/Filters/AuthFilter.php on line 42.
 1 SYSTEMPATH/Filters/Filters.php(241): App\Filters\AuthFilter->before(Object(CodeIgniter\HTTP\IncomingRequest), null)
 2 SYSTEMPATH/Filters/Filters.php(221): CodeIgniter\Filters\Filters->runBefore([...])
 3 SYSTEMPATH/CodeIgniter.php(479): CodeIgniter\Filters\Filters->run('dashboard', 'before')
 4 SYSTEMPATH/CodeIgniter.php(354): CodeIgniter\CodeIgniter->handleRequest(null, Object(Config\Cache), false)
 5 SYSTEMPATH/Boot.php(334): CodeIgniter\CodeIgniter->run()
 6 SYSTEMPATH/Boot.php(67): CodeIgniter\Boot::runCodeIgniter(Object(CodeIgniter\CodeIgniter))
 7 FCPATH/index.php(59): CodeIgniter\Boot::bootWeb(Object(Config\Paths))
 8 SYSTEMPATH/rewrite.php(44): require_once('/opt/thors/playground/codeigneter/madinah-ci4/public/index.php')
DEBUG - 2025-07-30 01:53:00 --> Session: Class initialized using 'CodeIgniter\Session\Handlers\FileHandler' driver.
WARNING - 2025-07-30 01:53:02 --> [DEPRECATED] Creation of dynamic property CodeIgniter\HTTP\IncomingRequest::$user is deprecated in APPPATH/Filters/AuthFilter.php on line 42.
 1 SYSTEMPATH/Filters/Filters.php(241): App\Filters\AuthFilter->before(Object(CodeIgniter\HTTP\IncomingRequest), null)
 2 SYSTEMPATH/Filters/Filters.php(221): CodeIgniter\Filters\Filters->runBefore([...])
 3 SYSTEMPATH/CodeIgniter.php(479): CodeIgniter\Filters\Filters->run('dashboard', 'before')
 4 SYSTEMPATH/CodeIgniter.php(354): CodeIgniter\CodeIgniter->handleRequest(null, Object(Config\Cache), false)
 5 SYSTEMPATH/Boot.php(334): CodeIgniter\CodeIgniter->run()
 6 SYSTEMPATH/Boot.php(67): CodeIgniter\Boot::runCodeIgniter(Object(CodeIgniter\CodeIgniter))
 7 FCPATH/index.php(59): CodeIgniter\Boot::bootWeb(Object(Config\Paths))
 8 SYSTEMPATH/rewrite.php(44): require_once('/opt/thors/playground/codeigneter/madinah-ci4/public/index.php')
DEBUG - 2025-07-30 01:53:02 --> Session: Class initialized using 'CodeIgniter\Session\Handlers\FileHandler' driver.
WARNING - 2025-07-30 01:53:59 --> [DEPRECATED] Creation of dynamic property CodeIgniter\HTTP\IncomingRequest::$user is deprecated in APPPATH/Filters/AuthFilter.php on line 42.
 1 SYSTEMPATH/Filters/Filters.php(241): App\Filters\AuthFilter->before(Object(CodeIgniter\HTTP\IncomingRequest), null)
 2 SYSTEMPATH/Filters/Filters.php(221): CodeIgniter\Filters\Filters->runBefore([...])
 3 SYSTEMPATH/CodeIgniter.php(479): CodeIgniter\Filters\Filters->run('dashboard', 'before')
 4 SYSTEMPATH/CodeIgniter.php(354): CodeIgniter\CodeIgniter->handleRequest(null, Object(Config\Cache), false)
 5 SYSTEMPATH/Boot.php(334): CodeIgniter\CodeIgniter->run()
 6 SYSTEMPATH/Boot.php(67): CodeIgniter\Boot::runCodeIgniter(Object(CodeIgniter\CodeIgniter))
 7 FCPATH/index.php(59): CodeIgniter\Boot::bootWeb(Object(Config\Paths))
 8 SYSTEMPATH/rewrite.php(44): require_once('/opt/thors/playground/codeigneter/madinah-ci4/public/index.php')
DEBUG - 2025-07-30 01:53:59 --> Session: Class initialized using 'CodeIgniter\Session\Handlers\FileHandler' driver.
CRITICAL - 2025-07-30 01:53:59 --> TypeError: CodeIgniter\Cookie\Cookie::validatePrefix(): Argument #1 ($prefix) must be of type string, false given, called in /opt/thors/playground/codeigneter/madinah-ci4/system/Cookie/Cookie.php on line 232
[Method: GET, Route: dashboard]
in SYSTEMPATH/Cookie/Cookie.php on line 741.
 1 SYSTEMPATH/Cookie/Cookie.php(232): CodeIgniter\Cookie\Cookie->validatePrefix()
 2 SYSTEMPATH/HTTP/ResponseTrait.php(545): CodeIgniter\Cookie\Cookie->__construct()
 3 APPPATH/Filters/AuthFilter.php(61): CodeIgniter\HTTP\Response->setCookie()
 4 SYSTEMPATH/Filters/Filters.php(241): App\Filters\AuthFilter->before()
 5 SYSTEMPATH/Filters/Filters.php(221): CodeIgniter\Filters\Filters->runBefore()
 6 SYSTEMPATH/CodeIgniter.php(479): CodeIgniter\Filters\Filters->run()
 7 SYSTEMPATH/CodeIgniter.php(354): CodeIgniter\CodeIgniter->handleRequest()
 8 SYSTEMPATH/Boot.php(334): CodeIgniter\CodeIgniter->run()
 9 SYSTEMPATH/Boot.php(67): CodeIgniter\Boot::runCodeIgniter()
10 FCPATH/index.php(59): CodeIgniter\Boot::bootWeb()
11 SYSTEMPATH/rewrite.php(44): require_once('/opt/thors/playground/codeigneter/madinah-ci4/public/index.php')
DEBUG - 2025-07-30 01:54:04 --> Session: Class initialized using 'CodeIgniter\Session\Handlers\FileHandler' driver.
WARNING - 2025-07-30 01:54:04 --> [DEPRECATED] Creation of dynamic property CodeIgniter\HTTP\IncomingRequest::$user is deprecated in APPPATH/Filters/AuthFilter.php on line 42.
 1 SYSTEMPATH/Filters/Filters.php(241): App\Filters\AuthFilter->before(Object(CodeIgniter\HTTP\IncomingRequest), null)
 2 SYSTEMPATH/Filters/Filters.php(221): CodeIgniter\Filters\Filters->runBefore([...])
 3 SYSTEMPATH/CodeIgniter.php(479): CodeIgniter\Filters\Filters->run('dashboard', 'before')
 4 SYSTEMPATH/CodeIgniter.php(354): CodeIgniter\CodeIgniter->handleRequest(null, Object(Config\Cache), false)
 5 SYSTEMPATH/Boot.php(334): CodeIgniter\CodeIgniter->run()
 6 SYSTEMPATH/Boot.php(67): CodeIgniter\Boot::runCodeIgniter(Object(CodeIgniter\CodeIgniter))
 7 FCPATH/index.php(59): CodeIgniter\Boot::bootWeb(Object(Config\Paths))
 8 SYSTEMPATH/rewrite.php(44): require_once('/opt/thors/playground/codeigneter/madinah-ci4/public/index.php')
DEBUG - 2025-07-30 01:54:04 --> Session: Class initialized using 'CodeIgniter\Session\Handlers\FileHandler' driver.
CRITICAL - 2025-07-30 01:54:04 --> TypeError: CodeIgniter\Cookie\Cookie::validatePrefix(): Argument #1 ($prefix) must be of type string, false given, called in /opt/thors/playground/codeigneter/madinah-ci4/system/Cookie/Cookie.php on line 232
[Method: GET, Route: dashboard]
in SYSTEMPATH/Cookie/Cookie.php on line 741.
 1 SYSTEMPATH/Cookie/Cookie.php(232): CodeIgniter\Cookie\Cookie->validatePrefix()
 2 SYSTEMPATH/HTTP/ResponseTrait.php(545): CodeIgniter\Cookie\Cookie->__construct()
 3 APPPATH/Filters/AuthFilter.php(61): CodeIgniter\HTTP\Response->setCookie()
 4 SYSTEMPATH/Filters/Filters.php(241): App\Filters\AuthFilter->before()
 5 SYSTEMPATH/Filters/Filters.php(221): CodeIgniter\Filters\Filters->runBefore()
 6 SYSTEMPATH/CodeIgniter.php(479): CodeIgniter\Filters\Filters->run()
 7 SYSTEMPATH/CodeIgniter.php(354): CodeIgniter\CodeIgniter->handleRequest()
 8 SYSTEMPATH/Boot.php(334): CodeIgniter\CodeIgniter->run()
 9 SYSTEMPATH/Boot.php(67): CodeIgniter\Boot::runCodeIgniter()
10 FCPATH/index.php(59): CodeIgniter\Boot::bootWeb()
11 SYSTEMPATH/rewrite.php(44): require_once('/opt/thors/playground/codeigneter/madinah-ci4/public/index.php')
DEBUG - 2025-07-30 01:54:06 --> Session: Class initialized using 'CodeIgniter\Session\Handlers\FileHandler' driver.
WARNING - 2025-07-30 01:54:06 --> [DEPRECATED] Creation of dynamic property CodeIgniter\HTTP\IncomingRequest::$user is deprecated in APPPATH/Filters/AuthFilter.php on line 42.
 1 SYSTEMPATH/Filters/Filters.php(241): App\Filters\AuthFilter->before(Object(CodeIgniter\HTTP\IncomingRequest), null)
 2 SYSTEMPATH/Filters/Filters.php(221): CodeIgniter\Filters\Filters->runBefore([...])
 3 SYSTEMPATH/CodeIgniter.php(479): CodeIgniter\Filters\Filters->run('dashboard', 'before')
 4 SYSTEMPATH/CodeIgniter.php(354): CodeIgniter\CodeIgniter->handleRequest(null, Object(Config\Cache), false)
 5 SYSTEMPATH/Boot.php(334): CodeIgniter\CodeIgniter->run()
 6 SYSTEMPATH/Boot.php(67): CodeIgniter\Boot::runCodeIgniter(Object(CodeIgniter\CodeIgniter))
 7 FCPATH/index.php(59): CodeIgniter\Boot::bootWeb(Object(Config\Paths))
 8 SYSTEMPATH/rewrite.php(44): require_once('/opt/thors/playground/codeigneter/madinah-ci4/public/index.php')
DEBUG - 2025-07-30 01:54:06 --> Session: Class initialized using 'CodeIgniter\Session\Handlers\FileHandler' driver.
CRITICAL - 2025-07-30 01:54:06 --> TypeError: CodeIgniter\Cookie\Cookie::validatePrefix(): Argument #1 ($prefix) must be of type string, false given, called in /opt/thors/playground/codeigneter/madinah-ci4/system/Cookie/Cookie.php on line 232
[Method: GET, Route: dashboard]
in SYSTEMPATH/Cookie/Cookie.php on line 741.
 1 SYSTEMPATH/Cookie/Cookie.php(232): CodeIgniter\Cookie\Cookie->validatePrefix()
 2 SYSTEMPATH/HTTP/ResponseTrait.php(545): CodeIgniter\Cookie\Cookie->__construct()
 3 APPPATH/Filters/AuthFilter.php(61): CodeIgniter\HTTP\Response->setCookie()
 4 SYSTEMPATH/Filters/Filters.php(241): App\Filters\AuthFilter->before()
 5 SYSTEMPATH/Filters/Filters.php(221): CodeIgniter\Filters\Filters->runBefore()
 6 SYSTEMPATH/CodeIgniter.php(479): CodeIgniter\Filters\Filters->run()
 7 SYSTEMPATH/CodeIgniter.php(354): CodeIgniter\CodeIgniter->handleRequest()
 8 SYSTEMPATH/Boot.php(334): CodeIgniter\CodeIgniter->run()
 9 SYSTEMPATH/Boot.php(67): CodeIgniter\Boot::runCodeIgniter()
10 FCPATH/index.php(59): CodeIgniter\Boot::bootWeb()
11 SYSTEMPATH/rewrite.php(44): require_once('/opt/thors/playground/codeigneter/madinah-ci4/public/index.php')
WARNING - 2025-07-30 01:54:08 --> [DEPRECATED] Creation of dynamic property CodeIgniter\HTTP\IncomingRequest::$user is deprecated in APPPATH/Filters/AuthFilter.php on line 42.
 1 SYSTEMPATH/Filters/Filters.php(241): App\Filters\AuthFilter->before(Object(CodeIgniter\HTTP\IncomingRequest), null)
 2 SYSTEMPATH/Filters/Filters.php(221): CodeIgniter\Filters\Filters->runBefore([...])
 3 SYSTEMPATH/CodeIgniter.php(479): CodeIgniter\Filters\Filters->run('dashboard', 'before')
 4 SYSTEMPATH/CodeIgniter.php(354): CodeIgniter\CodeIgniter->handleRequest(null, Object(Config\Cache), false)
 5 SYSTEMPATH/Boot.php(334): CodeIgniter\CodeIgniter->run()
 6 SYSTEMPATH/Boot.php(67): CodeIgniter\Boot::runCodeIgniter(Object(CodeIgniter\CodeIgniter))
 7 FCPATH/index.php(59): CodeIgniter\Boot::bootWeb(Object(Config\Paths))
 8 SYSTEMPATH/rewrite.php(44): require_once('/opt/thors/playground/codeigneter/madinah-ci4/public/index.php')
DEBUG - 2025-07-30 01:54:08 --> Session: Class initialized using 'CodeIgniter\Session\Handlers\FileHandler' driver.
CRITICAL - 2025-07-30 01:54:08 --> TypeError: CodeIgniter\Cookie\Cookie::validatePrefix(): Argument #1 ($prefix) must be of type string, false given, called in /opt/thors/playground/codeigneter/madinah-ci4/system/Cookie/Cookie.php on line 232
[Method: GET, Route: dashboard]
in SYSTEMPATH/Cookie/Cookie.php on line 741.
 1 SYSTEMPATH/Cookie/Cookie.php(232): CodeIgniter\Cookie\Cookie->validatePrefix()
 2 SYSTEMPATH/HTTP/ResponseTrait.php(545): CodeIgniter\Cookie\Cookie->__construct()
 3 APPPATH/Filters/AuthFilter.php(61): CodeIgniter\HTTP\Response->setCookie()
 4 SYSTEMPATH/Filters/Filters.php(241): App\Filters\AuthFilter->before()
 5 SYSTEMPATH/Filters/Filters.php(221): CodeIgniter\Filters\Filters->runBefore()
 6 SYSTEMPATH/CodeIgniter.php(479): CodeIgniter\Filters\Filters->run()
 7 SYSTEMPATH/CodeIgniter.php(354): CodeIgniter\CodeIgniter->handleRequest()
 8 SYSTEMPATH/Boot.php(334): CodeIgniter\CodeIgniter->run()
 9 SYSTEMPATH/Boot.php(67): CodeIgniter\Boot::runCodeIgniter()
10 FCPATH/index.php(59): CodeIgniter\Boot::bootWeb()
11 SYSTEMPATH/rewrite.php(44): require_once('/opt/thors/playground/codeigneter/madinah-ci4/public/index.php')
DEBUG - 2025-07-30 01:54:22 --> Session: Class initialized using 'CodeIgniter\Session\Handlers\FileHandler' driver.
WARNING - 2025-07-30 01:54:22 --> [DEPRECATED] Creation of dynamic property CodeIgniter\HTTP\IncomingRequest::$user is deprecated in APPPATH/Filters/AuthFilter.php on line 42.
 1 SYSTEMPATH/Filters/Filters.php(241): App\Filters\AuthFilter->before(Object(CodeIgniter\HTTP\IncomingRequest), null)
 2 SYSTEMPATH/Filters/Filters.php(221): CodeIgniter\Filters\Filters->runBefore([...])
 3 SYSTEMPATH/CodeIgniter.php(479): CodeIgniter\Filters\Filters->run('dashboard', 'before')
 4 SYSTEMPATH/CodeIgniter.php(354): CodeIgniter\CodeIgniter->handleRequest(null, Object(Config\Cache), false)
 5 SYSTEMPATH/Boot.php(334): CodeIgniter\CodeIgniter->run()
 6 SYSTEMPATH/Boot.php(67): CodeIgniter\Boot::runCodeIgniter(Object(CodeIgniter\CodeIgniter))
 7 FCPATH/index.php(59): CodeIgniter\Boot::bootWeb(Object(Config\Paths))
 8 SYSTEMPATH/rewrite.php(44): require_once('/opt/thors/playground/codeigneter/madinah-ci4/public/index.php')
DEBUG - 2025-07-30 01:54:22 --> Session: Class initialized using 'CodeIgniter\Session\Handlers\FileHandler' driver.
CRITICAL - 2025-07-30 01:54:22 --> TypeError: CodeIgniter\Cookie\Cookie::validatePrefix(): Argument #1 ($prefix) must be of type string, false given, called in /opt/thors/playground/codeigneter/madinah-ci4/system/Cookie/Cookie.php on line 232
[Method: GET, Route: dashboard]
in SYSTEMPATH/Cookie/Cookie.php on line 741.
 1 SYSTEMPATH/Cookie/Cookie.php(232): CodeIgniter\Cookie\Cookie->validatePrefix()
 2 SYSTEMPATH/HTTP/ResponseTrait.php(545): CodeIgniter\Cookie\Cookie->__construct()
 3 APPPATH/Filters/AuthFilter.php(61): CodeIgniter\HTTP\Response->setCookie()
 4 SYSTEMPATH/Filters/Filters.php(241): App\Filters\AuthFilter->before()
 5 SYSTEMPATH/Filters/Filters.php(221): CodeIgniter\Filters\Filters->runBefore()
 6 SYSTEMPATH/CodeIgniter.php(479): CodeIgniter\Filters\Filters->run()
 7 SYSTEMPATH/CodeIgniter.php(354): CodeIgniter\CodeIgniter->handleRequest()
 8 SYSTEMPATH/Boot.php(334): CodeIgniter\CodeIgniter->run()
 9 SYSTEMPATH/Boot.php(67): CodeIgniter\Boot::runCodeIgniter()
10 FCPATH/index.php(59): CodeIgniter\Boot::bootWeb()
11 SYSTEMPATH/rewrite.php(44): require_once('/opt/thors/playground/codeigneter/madinah-ci4/public/index.php')
DEBUG - 2025-07-30 01:54:23 --> Session: Class initialized using 'CodeIgniter\Session\Handlers\FileHandler' driver.
WARNING - 2025-07-30 01:54:23 --> [DEPRECATED] Creation of dynamic property CodeIgniter\HTTP\IncomingRequest::$user is deprecated in APPPATH/Filters/AuthFilter.php on line 42.
 1 SYSTEMPATH/Filters/Filters.php(241): App\Filters\AuthFilter->before(Object(CodeIgniter\HTTP\IncomingRequest), null)
 2 SYSTEMPATH/Filters/Filters.php(221): CodeIgniter\Filters\Filters->runBefore([...])
 3 SYSTEMPATH/CodeIgniter.php(479): CodeIgniter\Filters\Filters->run('dashboard', 'before')
 4 SYSTEMPATH/CodeIgniter.php(354): CodeIgniter\CodeIgniter->handleRequest(null, Object(Config\Cache), false)
 5 SYSTEMPATH/Boot.php(334): CodeIgniter\CodeIgniter->run()
 6 SYSTEMPATH/Boot.php(67): CodeIgniter\Boot::runCodeIgniter(Object(CodeIgniter\CodeIgniter))
 7 FCPATH/index.php(59): CodeIgniter\Boot::bootWeb(Object(Config\Paths))
 8 SYSTEMPATH/rewrite.php(44): require_once('/opt/thors/playground/codeigneter/madinah-ci4/public/index.php')
DEBUG - 2025-07-30 01:54:23 --> Session: Class initialized using 'CodeIgniter\Session\Handlers\FileHandler' driver.
CRITICAL - 2025-07-30 01:54:23 --> TypeError: CodeIgniter\Cookie\Cookie::validatePrefix(): Argument #1 ($prefix) must be of type string, false given, called in /opt/thors/playground/codeigneter/madinah-ci4/system/Cookie/Cookie.php on line 232
[Method: GET, Route: dashboard]
in SYSTEMPATH/Cookie/Cookie.php on line 741.
 1 SYSTEMPATH/Cookie/Cookie.php(232): CodeIgniter\Cookie\Cookie->validatePrefix()
 2 SYSTEMPATH/HTTP/ResponseTrait.php(545): CodeIgniter\Cookie\Cookie->__construct()
 3 APPPATH/Filters/AuthFilter.php(61): CodeIgniter\HTTP\Response->setCookie()
 4 SYSTEMPATH/Filters/Filters.php(241): App\Filters\AuthFilter->before()
 5 SYSTEMPATH/Filters/Filters.php(221): CodeIgniter\Filters\Filters->runBefore()
 6 SYSTEMPATH/CodeIgniter.php(479): CodeIgniter\Filters\Filters->run()
 7 SYSTEMPATH/CodeIgniter.php(354): CodeIgniter\CodeIgniter->handleRequest()
 8 SYSTEMPATH/Boot.php(334): CodeIgniter\CodeIgniter->run()
 9 SYSTEMPATH/Boot.php(67): CodeIgniter\Boot::runCodeIgniter()
10 FCPATH/index.php(59): CodeIgniter\Boot::bootWeb()
11 SYSTEMPATH/rewrite.php(44): require_once('/opt/thors/playground/codeigneter/madinah-ci4/public/index.php')
DEBUG - 2025-07-30 01:54:38 --> Session: Class initialized using 'CodeIgniter\Session\Handlers\FileHandler' driver.
DEBUG - 2025-07-30 01:54:38 --> Session: Class initialized using 'CodeIgniter\Session\Handlers\FileHandler' driver.
WARNING - 2025-07-30 01:54:46 --> [DEPRECATED] Creation of dynamic property CodeIgniter\HTTP\IncomingRequest::$user is deprecated in APPPATH/Filters/AuthFilter.php on line 42.
 1 SYSTEMPATH/Filters/Filters.php(241): App\Filters\AuthFilter->before(Object(CodeIgniter\HTTP\IncomingRequest), null)
 2 SYSTEMPATH/Filters/Filters.php(221): CodeIgniter\Filters\Filters->runBefore([...])
 3 SYSTEMPATH/CodeIgniter.php(479): CodeIgniter\Filters\Filters->run('dashboard', 'before')
 4 SYSTEMPATH/CodeIgniter.php(354): CodeIgniter\CodeIgniter->handleRequest(null, Object(Config\Cache), false)
 5 SYSTEMPATH/Boot.php(334): CodeIgniter\CodeIgniter->run()
 6 SYSTEMPATH/Boot.php(67): CodeIgniter\Boot::runCodeIgniter(Object(CodeIgniter\CodeIgniter))
 7 FCPATH/index.php(59): CodeIgniter\Boot::bootWeb(Object(Config\Paths))
 8 SYSTEMPATH/rewrite.php(44): require_once('/opt/thors/playground/codeigneter/madinah-ci4/public/index.php')
DEBUG - 2025-07-30 01:54:46 --> Session: Class initialized using 'CodeIgniter\Session\Handlers\FileHandler' driver.
CRITICAL - 2025-07-30 01:54:46 --> TypeError: CodeIgniter\Cookie\Cookie::validatePrefix(): Argument #1 ($prefix) must be of type string, false given, called in /opt/thors/playground/codeigneter/madinah-ci4/system/Cookie/Cookie.php on line 232
[Method: GET, Route: dashboard]
in SYSTEMPATH/Cookie/Cookie.php on line 741.
 1 SYSTEMPATH/Cookie/Cookie.php(232): CodeIgniter\Cookie\Cookie->validatePrefix()
 2 SYSTEMPATH/HTTP/ResponseTrait.php(545): CodeIgniter\Cookie\Cookie->__construct()
 3 APPPATH/Filters/AuthFilter.php(61): CodeIgniter\HTTP\Response->setCookie()
 4 SYSTEMPATH/Filters/Filters.php(241): App\Filters\AuthFilter->before()
 5 SYSTEMPATH/Filters/Filters.php(221): CodeIgniter\Filters\Filters->runBefore()
 6 SYSTEMPATH/CodeIgniter.php(479): CodeIgniter\Filters\Filters->run()
 7 SYSTEMPATH/CodeIgniter.php(354): CodeIgniter\CodeIgniter->handleRequest()
 8 SYSTEMPATH/Boot.php(334): CodeIgniter\CodeIgniter->run()
 9 SYSTEMPATH/Boot.php(67): CodeIgniter\Boot::runCodeIgniter()
10 FCPATH/index.php(59): CodeIgniter\Boot::bootWeb()
11 SYSTEMPATH/rewrite.php(44): require_once('/opt/thors/playground/codeigneter/madinah-ci4/public/index.php')
WARNING - 2025-07-30 01:55:11 --> [DEPRECATED] Creation of dynamic property CodeIgniter\HTTP\IncomingRequest::$user is deprecated in APPPATH/Filters/AuthFilter.php on line 42.
 1 SYSTEMPATH/Filters/Filters.php(241): App\Filters\AuthFilter->before(Object(CodeIgniter\HTTP\IncomingRequest), null)
 2 SYSTEMPATH/Filters/Filters.php(221): CodeIgniter\Filters\Filters->runBefore([...])
 3 SYSTEMPATH/CodeIgniter.php(479): CodeIgniter\Filters\Filters->run('dashboard', 'before')
 4 SYSTEMPATH/CodeIgniter.php(354): CodeIgniter\CodeIgniter->handleRequest(null, Object(Config\Cache), false)
 5 SYSTEMPATH/Boot.php(334): CodeIgniter\CodeIgniter->run()
 6 SYSTEMPATH/Boot.php(67): CodeIgniter\Boot::runCodeIgniter(Object(CodeIgniter\CodeIgniter))
 7 FCPATH/index.php(59): CodeIgniter\Boot::bootWeb(Object(Config\Paths))
 8 SYSTEMPATH/rewrite.php(44): require_once('/opt/thors/playground/codeigneter/madinah-ci4/public/index.php')
DEBUG - 2025-07-30 01:55:11 --> Session: Class initialized using 'CodeIgniter\Session\Handlers\FileHandler' driver.
CRITICAL - 2025-07-30 01:55:11 --> TypeError: CodeIgniter\Cookie\Cookie::validatePrefix(): Argument #1 ($prefix) must be of type string, false given, called in /opt/thors/playground/codeigneter/madinah-ci4/system/Cookie/Cookie.php on line 232
[Method: GET, Route: dashboard]
in SYSTEMPATH/Cookie/Cookie.php on line 741.
 1 SYSTEMPATH/Cookie/Cookie.php(232): CodeIgniter\Cookie\Cookie->validatePrefix()
 2 SYSTEMPATH/HTTP/ResponseTrait.php(545): CodeIgniter\Cookie\Cookie->__construct()
 3 APPPATH/Filters/AuthFilter.php(61): CodeIgniter\HTTP\Response->setCookie()
 4 SYSTEMPATH/Filters/Filters.php(241): App\Filters\AuthFilter->before()
 5 SYSTEMPATH/Filters/Filters.php(221): CodeIgniter\Filters\Filters->runBefore()
 6 SYSTEMPATH/CodeIgniter.php(479): CodeIgniter\Filters\Filters->run()
 7 SYSTEMPATH/CodeIgniter.php(354): CodeIgniter\CodeIgniter->handleRequest()
 8 SYSTEMPATH/Boot.php(334): CodeIgniter\CodeIgniter->run()
 9 SYSTEMPATH/Boot.php(67): CodeIgniter\Boot::runCodeIgniter()
10 FCPATH/index.php(59): CodeIgniter\Boot::bootWeb()
11 SYSTEMPATH/rewrite.php(44): require_once('/opt/thors/playground/codeigneter/madinah-ci4/public/index.php')
DEBUG - 2025-07-30 01:55:16 --> Session: Class initialized using 'CodeIgniter\Session\Handlers\FileHandler' driver.
WARNING - 2025-07-30 01:55:16 --> [DEPRECATED] Creation of dynamic property CodeIgniter\HTTP\IncomingRequest::$user is deprecated in APPPATH/Filters/AuthFilter.php on line 42.
 1 SYSTEMPATH/Filters/Filters.php(241): App\Filters\AuthFilter->before(Object(CodeIgniter\HTTP\IncomingRequest), null)
 2 SYSTEMPATH/Filters/Filters.php(221): CodeIgniter\Filters\Filters->runBefore([...])
 3 SYSTEMPATH/CodeIgniter.php(479): CodeIgniter\Filters\Filters->run('dashboard', 'before')
 4 SYSTEMPATH/CodeIgniter.php(354): CodeIgniter\CodeIgniter->handleRequest(null, Object(Config\Cache), false)
 5 SYSTEMPATH/Boot.php(334): CodeIgniter\CodeIgniter->run()
 6 SYSTEMPATH/Boot.php(67): CodeIgniter\Boot::runCodeIgniter(Object(CodeIgniter\CodeIgniter))
 7 FCPATH/index.php(59): CodeIgniter\Boot::bootWeb(Object(Config\Paths))
 8 SYSTEMPATH/rewrite.php(44): require_once('/opt/thors/playground/codeigneter/madinah-ci4/public/index.php')
DEBUG - 2025-07-30 01:55:16 --> Session: Class initialized using 'CodeIgniter\Session\Handlers\FileHandler' driver.
CRITICAL - 2025-07-30 01:55:16 --> TypeError: CodeIgniter\Cookie\Cookie::validatePrefix(): Argument #1 ($prefix) must be of type string, false given, called in /opt/thors/playground/codeigneter/madinah-ci4/system/Cookie/Cookie.php on line 232
[Method: GET, Route: dashboard]
in SYSTEMPATH/Cookie/Cookie.php on line 741.
 1 SYSTEMPATH/Cookie/Cookie.php(232): CodeIgniter\Cookie\Cookie->validatePrefix()
 2 SYSTEMPATH/HTTP/ResponseTrait.php(545): CodeIgniter\Cookie\Cookie->__construct()
 3 APPPATH/Filters/AuthFilter.php(61): CodeIgniter\HTTP\Response->setCookie()
 4 SYSTEMPATH/Filters/Filters.php(241): App\Filters\AuthFilter->before()
 5 SYSTEMPATH/Filters/Filters.php(221): CodeIgniter\Filters\Filters->runBefore()
 6 SYSTEMPATH/CodeIgniter.php(479): CodeIgniter\Filters\Filters->run()
 7 SYSTEMPATH/CodeIgniter.php(354): CodeIgniter\CodeIgniter->handleRequest()
 8 SYSTEMPATH/Boot.php(334): CodeIgniter\CodeIgniter->run()
 9 SYSTEMPATH/Boot.php(67): CodeIgniter\Boot::runCodeIgniter()
10 FCPATH/index.php(59): CodeIgniter\Boot::bootWeb()
11 SYSTEMPATH/rewrite.php(44): require_once('/opt/thors/playground/codeigneter/madinah-ci4/public/index.php')
DEBUG - 2025-07-30 01:55:19 --> Session: Class initialized using 'CodeIgniter\Session\Handlers\FileHandler' driver.
WARNING - 2025-07-30 01:55:19 --> [DEPRECATED] Creation of dynamic property CodeIgniter\HTTP\IncomingRequest::$user is deprecated in APPPATH/Filters/AuthFilter.php on line 42.
 1 SYSTEMPATH/Filters/Filters.php(241): App\Filters\AuthFilter->before(Object(CodeIgniter\HTTP\IncomingRequest), null)
 2 SYSTEMPATH/Filters/Filters.php(221): CodeIgniter\Filters\Filters->runBefore([...])
 3 SYSTEMPATH/CodeIgniter.php(479): CodeIgniter\Filters\Filters->run('dashboard', 'before')
 4 SYSTEMPATH/CodeIgniter.php(354): CodeIgniter\CodeIgniter->handleRequest(null, Object(Config\Cache), false)
 5 SYSTEMPATH/Boot.php(334): CodeIgniter\CodeIgniter->run()
 6 SYSTEMPATH/Boot.php(67): CodeIgniter\Boot::runCodeIgniter(Object(CodeIgniter\CodeIgniter))
 7 FCPATH/index.php(59): CodeIgniter\Boot::bootWeb(Object(Config\Paths))
 8 SYSTEMPATH/rewrite.php(44): require_once('/opt/thors/playground/codeigneter/madinah-ci4/public/index.php')
DEBUG - 2025-07-30 01:55:19 --> Session: Class initialized using 'CodeIgniter\Session\Handlers\FileHandler' driver.
CRITICAL - 2025-07-30 01:55:19 --> TypeError: CodeIgniter\Cookie\Cookie::validatePrefix(): Argument #1 ($prefix) must be of type string, false given, called in /opt/thors/playground/codeigneter/madinah-ci4/system/Cookie/Cookie.php on line 232
[Method: GET, Route: dashboard]
in SYSTEMPATH/Cookie/Cookie.php on line 741.
 1 SYSTEMPATH/Cookie/Cookie.php(232): CodeIgniter\Cookie\Cookie->validatePrefix()
 2 SYSTEMPATH/HTTP/ResponseTrait.php(545): CodeIgniter\Cookie\Cookie->__construct()
 3 APPPATH/Filters/AuthFilter.php(61): CodeIgniter\HTTP\Response->setCookie()
 4 SYSTEMPATH/Filters/Filters.php(241): App\Filters\AuthFilter->before()
 5 SYSTEMPATH/Filters/Filters.php(221): CodeIgniter\Filters\Filters->runBefore()
 6 SYSTEMPATH/CodeIgniter.php(479): CodeIgniter\Filters\Filters->run()
 7 SYSTEMPATH/CodeIgniter.php(354): CodeIgniter\CodeIgniter->handleRequest()
 8 SYSTEMPATH/Boot.php(334): CodeIgniter\CodeIgniter->run()
 9 SYSTEMPATH/Boot.php(67): CodeIgniter\Boot::runCodeIgniter()
10 FCPATH/index.php(59): CodeIgniter\Boot::bootWeb()
11 SYSTEMPATH/rewrite.php(44): require_once('/opt/thors/playground/codeigneter/madinah-ci4/public/index.php')
DEBUG - 2025-07-30 02:01:36 --> Session: Class initialized using 'CodeIgniter\Session\Handlers\FileHandler' driver.
DEBUG - 2025-07-30 02:01:36 --> Session: Class initialized using 'CodeIgniter\Session\Handlers\FileHandler' driver.
WARNING - 2025-07-30 02:01:44 --> [DEPRECATED] Creation of dynamic property CodeIgniter\HTTP\IncomingRequest::$user is deprecated in APPPATH/Filters/AuthFilter.php on line 42.
 1 SYSTEMPATH/Filters/Filters.php(241): App\Filters\AuthFilter->before(Object(CodeIgniter\HTTP\IncomingRequest), null)
 2 SYSTEMPATH/Filters/Filters.php(221): CodeIgniter\Filters\Filters->runBefore([...])
 3 SYSTEMPATH/CodeIgniter.php(479): CodeIgniter\Filters\Filters->run('dashboard', 'before')
 4 SYSTEMPATH/CodeIgniter.php(354): CodeIgniter\CodeIgniter->handleRequest(null, Object(Config\Cache), false)
 5 SYSTEMPATH/Boot.php(334): CodeIgniter\CodeIgniter->run()
 6 SYSTEMPATH/Boot.php(67): CodeIgniter\Boot::runCodeIgniter(Object(CodeIgniter\CodeIgniter))
 7 FCPATH/index.php(59): CodeIgniter\Boot::bootWeb(Object(Config\Paths))
 8 SYSTEMPATH/rewrite.php(44): require_once('/opt/thors/playground/codeigneter/madinah-ci4/public/index.php')
DEBUG - 2025-07-30 02:01:44 --> Session: Class initialized using 'CodeIgniter\Session\Handlers\FileHandler' driver.
WARNING - 2025-07-30 02:01:49 --> [DEPRECATED] Creation of dynamic property CodeIgniter\HTTP\IncomingRequest::$user is deprecated in APPPATH/Filters/AuthFilter.php on line 42.
 1 SYSTEMPATH/Filters/Filters.php(241): App\Filters\AuthFilter->before(Object(CodeIgniter\HTTP\IncomingRequest), null)
 2 SYSTEMPATH/Filters/Filters.php(221): CodeIgniter\Filters\Filters->runBefore([...])
 3 SYSTEMPATH/CodeIgniter.php(479): CodeIgniter\Filters\Filters->run('dashboard', 'before')
 4 SYSTEMPATH/CodeIgniter.php(354): CodeIgniter\CodeIgniter->handleRequest(null, Object(Config\Cache), false)
 5 SYSTEMPATH/Boot.php(334): CodeIgniter\CodeIgniter->run()
 6 SYSTEMPATH/Boot.php(67): CodeIgniter\Boot::runCodeIgniter(Object(CodeIgniter\CodeIgniter))
 7 FCPATH/index.php(59): CodeIgniter\Boot::bootWeb(Object(Config\Paths))
 8 SYSTEMPATH/rewrite.php(44): require_once('/opt/thors/playground/codeigneter/madinah-ci4/public/index.php')
DEBUG - 2025-07-30 02:01:49 --> Session: Class initialized using 'CodeIgniter\Session\Handlers\FileHandler' driver.
WARNING - 2025-07-30 02:02:23 --> [DEPRECATED] Creation of dynamic property CodeIgniter\HTTP\IncomingRequest::$user is deprecated in APPPATH/Filters/AuthFilter.php on line 42.
 1 SYSTEMPATH/Filters/Filters.php(241): App\Filters\AuthFilter->before(Object(CodeIgniter\HTTP\IncomingRequest), null)
 2 SYSTEMPATH/Filters/Filters.php(221): CodeIgniter\Filters\Filters->runBefore([...])
 3 SYSTEMPATH/CodeIgniter.php(479): CodeIgniter\Filters\Filters->run('dashboard', 'before')
 4 SYSTEMPATH/CodeIgniter.php(354): CodeIgniter\CodeIgniter->handleRequest(null, Object(Config\Cache), false)
 5 SYSTEMPATH/Boot.php(334): CodeIgniter\CodeIgniter->run()
 6 SYSTEMPATH/Boot.php(67): CodeIgniter\Boot::runCodeIgniter(Object(CodeIgniter\CodeIgniter))
 7 FCPATH/index.php(59): CodeIgniter\Boot::bootWeb(Object(Config\Paths))
 8 SYSTEMPATH/rewrite.php(44): require_once('/opt/thors/playground/codeigneter/madinah-ci4/public/index.php')
DEBUG - 2025-07-30 02:02:23 --> Session: Class initialized using 'CodeIgniter\Session\Handlers\FileHandler' driver.
WARNING - 2025-07-30 02:02:54 --> [DEPRECATED] Creation of dynamic property CodeIgniter\HTTP\IncomingRequest::$user is deprecated in APPPATH/Filters/AuthFilter.php on line 42.
 1 SYSTEMPATH/Filters/Filters.php(241): App\Filters\AuthFilter->before(Object(CodeIgniter\HTTP\IncomingRequest), null)
 2 SYSTEMPATH/Filters/Filters.php(221): CodeIgniter\Filters\Filters->runBefore([...])
 3 SYSTEMPATH/CodeIgniter.php(479): CodeIgniter\Filters\Filters->run('dashboard', 'before')
 4 SYSTEMPATH/CodeIgniter.php(354): CodeIgniter\CodeIgniter->handleRequest(null, Object(Config\Cache), false)
 5 SYSTEMPATH/Boot.php(334): CodeIgniter\CodeIgniter->run()
 6 SYSTEMPATH/Boot.php(67): CodeIgniter\Boot::runCodeIgniter(Object(CodeIgniter\CodeIgniter))
 7 FCPATH/index.php(59): CodeIgniter\Boot::bootWeb(Object(Config\Paths))
 8 SYSTEMPATH/rewrite.php(44): require_once('/opt/thors/playground/codeigneter/madinah-ci4/public/index.php')
DEBUG - 2025-07-30 02:02:54 --> Session: Class initialized using 'CodeIgniter\Session\Handlers\FileHandler' driver.
DEBUG - 2025-07-30 02:02:56 --> Session: Class initialized using 'CodeIgniter\Session\Handlers\FileHandler' driver.
DEBUG - 2025-07-30 02:02:56 --> Session: Class initialized using 'CodeIgniter\Session\Handlers\FileHandler' driver.
WARNING - 2025-07-30 02:03:17 --> [DEPRECATED] Creation of dynamic property CodeIgniter\HTTP\IncomingRequest::$user is deprecated in APPPATH/Filters/AuthFilter.php on line 42.
 1 SYSTEMPATH/Filters/Filters.php(241): App\Filters\AuthFilter->before(Object(CodeIgniter\HTTP\IncomingRequest), null)
 2 SYSTEMPATH/Filters/Filters.php(221): CodeIgniter\Filters\Filters->runBefore([...])
 3 SYSTEMPATH/CodeIgniter.php(479): CodeIgniter\Filters\Filters->run('dashboard', 'before')
 4 SYSTEMPATH/CodeIgniter.php(354): CodeIgniter\CodeIgniter->handleRequest(null, Object(Config\Cache), false)
 5 SYSTEMPATH/Boot.php(334): CodeIgniter\CodeIgniter->run()
 6 SYSTEMPATH/Boot.php(67): CodeIgniter\Boot::runCodeIgniter(Object(CodeIgniter\CodeIgniter))
 7 FCPATH/index.php(59): CodeIgniter\Boot::bootWeb(Object(Config\Paths))
 8 SYSTEMPATH/rewrite.php(44): require_once('/opt/thors/playground/codeigneter/madinah-ci4/public/index.php')
DEBUG - 2025-07-30 02:03:17 --> Session: Class initialized using 'CodeIgniter\Session\Handlers\FileHandler' driver.
WARNING - 2025-07-30 02:03:51 --> [DEPRECATED] Creation of dynamic property CodeIgniter\HTTP\IncomingRequest::$user is deprecated in APPPATH/Filters/AuthFilter.php on line 42.
 1 SYSTEMPATH/Filters/Filters.php(241): App\Filters\AuthFilter->before(Object(CodeIgniter\HTTP\IncomingRequest), null)
 2 SYSTEMPATH/Filters/Filters.php(221): CodeIgniter\Filters\Filters->runBefore([...])
 3 SYSTEMPATH/CodeIgniter.php(479): CodeIgniter\Filters\Filters->run('upload', 'before')
 4 SYSTEMPATH/CodeIgniter.php(354): CodeIgniter\CodeIgniter->handleRequest(null, Object(Config\Cache), false)
 5 SYSTEMPATH/Boot.php(334): CodeIgniter\CodeIgniter->run()
 6 SYSTEMPATH/Boot.php(67): CodeIgniter\Boot::runCodeIgniter(Object(CodeIgniter\CodeIgniter))
 7 FCPATH/index.php(59): CodeIgniter\Boot::bootWeb(Object(Config\Paths))
 8 SYSTEMPATH/rewrite.php(44): require_once('/opt/thors/playground/codeigneter/madinah-ci4/public/index.php')
DEBUG - 2025-07-30 02:03:51 --> Session: Class initialized using 'CodeIgniter\Session\Handlers\FileHandler' driver.
CRITICAL - 2025-07-30 02:08:10 --> TypeError: CodeIgniter\Cookie\Cookie::validatePrefix(): Argument #1 ($prefix) must be of type string, false given, called in /opt/thors/playground/codeigneter/madinah-ci4/system/Cookie/Cookie.php on line 232
[Method: POST, Route: upload/proses]
in SYSTEMPATH/Cookie/Cookie.php on line 741.
 1 SYSTEMPATH/Cookie/Cookie.php(232): CodeIgniter\Cookie\Cookie->validatePrefix()
 2 SYSTEMPATH/HTTP/ResponseTrait.php(545): CodeIgniter\Cookie\Cookie->__construct()
 3 APPPATH/Filters/AuthFilter.php(61): CodeIgniter\HTTP\Response->setCookie()
 4 SYSTEMPATH/Filters/Filters.php(241): App\Filters\AuthFilter->before()
 5 SYSTEMPATH/Filters/Filters.php(221): CodeIgniter\Filters\Filters->runBefore()
 6 SYSTEMPATH/CodeIgniter.php(479): CodeIgniter\Filters\Filters->run()
 7 SYSTEMPATH/CodeIgniter.php(354): CodeIgniter\CodeIgniter->handleRequest()
 8 SYSTEMPATH/Boot.php(334): CodeIgniter\CodeIgniter->run()
 9 SYSTEMPATH/Boot.php(67): CodeIgniter\Boot::runCodeIgniter()
10 FCPATH/index.php(59): CodeIgniter\Boot::bootWeb()
11 SYSTEMPATH/rewrite.php(44): require_once('/opt/thors/playground/codeigneter/madinah-ci4/public/index.php')
WARNING - 2025-07-30 02:14:42 --> [DEPRECATED] Creation of dynamic property CodeIgniter\HTTP\IncomingRequest::$user is deprecated in APPPATH/Filters/AuthFilter.php on line 42.
 1 SYSTEMPATH/Filters/Filters.php(241): App\Filters\AuthFilter->before(Object(CodeIgniter\HTTP\IncomingRequest), null)
 2 SYSTEMPATH/Filters/Filters.php(221): CodeIgniter\Filters\Filters->runBefore([...])
 3 SYSTEMPATH/CodeIgniter.php(479): CodeIgniter\Filters\Filters->run('upload', 'before')
 4 SYSTEMPATH/CodeIgniter.php(354): CodeIgniter\CodeIgniter->handleRequest(null, Object(Config\Cache), false)
 5 SYSTEMPATH/Boot.php(334): CodeIgniter\CodeIgniter->run()
 6 SYSTEMPATH/Boot.php(67): CodeIgniter\Boot::runCodeIgniter(Object(CodeIgniter\CodeIgniter))
 7 FCPATH/index.php(59): CodeIgniter\Boot::bootWeb(Object(Config\Paths))
 8 SYSTEMPATH/rewrite.php(44): require_once('/opt/thors/playground/codeigneter/madinah-ci4/public/index.php')
DEBUG - 2025-07-30 02:14:42 --> Session: Class initialized using 'CodeIgniter\Session\Handlers\FileHandler' driver.
DEBUG - 2025-07-30 03:43:22 --> Session: Class initialized using 'CodeIgniter\Session\Handlers\FileHandler' driver.
DEBUG - 2025-07-30 03:43:36 --> Session: Class initialized using 'CodeIgniter\Session\Handlers\FileHandler' driver.
DEBUG - 2025-07-30 03:43:37 --> Session: Class initialized using 'CodeIgniter\Session\Handlers\FileHandler' driver.
DEBUG - 2025-07-30 06:46:43 --> Session: Class initialized using 'CodeIgniter\Session\Handlers\FileHandler' driver.
DEBUG - 2025-07-30 06:50:01 --> Session: Class initialized using 'CodeIgniter\Session\Handlers\FileHandler' driver.
DEBUG - 2025-07-30 06:50:10 --> Session: Class initialized using 'CodeIgniter\Session\Handlers\FileHandler' driver.
CRITICAL - 2025-07-30 06:50:10 --> ErrorException: Undefined array key "username"
[Method: GET, Route: dashboard]
in APPPATH/Views/layouts/header_dashboard.php on line 8.
 1 APPPATH/Views/layouts/header_dashboard.php(8): CodeIgniter\Debug\Exceptions->errorHandler()
 2 SYSTEMPATH/View/View.php(224): include('/opt/thors/playground/codeigneter/madinah-ci4/app/Views/layouts/header_dashboard.php')
 3 SYSTEMPATH/View/View.php(227): CodeIgniter\View\View->CodeIgniter\View\{closure}()
 4 SYSTEMPATH/Common.php(1173): CodeIgniter\View\View->render()
 5 APPPATH/Controllers/BaseController.php(74): view()
 6 APPPATH/Controllers/DashboardController.php(12): App\Controllers\BaseController->render_dashboard()
 7 SYSTEMPATH/CodeIgniter.php(933): App\Controllers\DashboardController->index()
 8 SYSTEMPATH/CodeIgniter.php(507): CodeIgniter\CodeIgniter->runController()
 9 SYSTEMPATH/CodeIgniter.php(354): CodeIgniter\CodeIgniter->handleRequest()
10 SYSTEMPATH/Boot.php(334): CodeIgniter\CodeIgniter->run()
11 SYSTEMPATH/Boot.php(67): CodeIgniter\Boot::runCodeIgniter()
12 FCPATH/index.php(59): CodeIgniter\Boot::bootWeb()
13 SYSTEMPATH/rewrite.php(44): require_once('/opt/thors/playground/codeigneter/madinah-ci4/public/index.php')
DEBUG - 2025-07-30 06:51:52 --> Session: Class initialized using 'CodeIgniter\Session\Handlers\FileHandler' driver.
DEBUG - 2025-07-30 06:51:52 --> Session: Class initialized using 'CodeIgniter\Session\Handlers\FileHandler' driver.
CRITICAL - 2025-07-30 06:51:52 --> ErrorException: Undefined array key "username"
[Method: GET, Route: dashboard]
in APPPATH/Views/layouts/header_dashboard.php on line 8.
 1 APPPATH/Views/layouts/header_dashboard.php(8): CodeIgniter\Debug\Exceptions->errorHandler()
 2 SYSTEMPATH/View/View.php(224): include('/opt/thors/playground/codeigneter/madinah-ci4/app/Views/layouts/header_dashboard.php')
 3 SYSTEMPATH/View/View.php(227): CodeIgniter\View\View->CodeIgniter\View\{closure}()
 4 SYSTEMPATH/Common.php(1173): CodeIgniter\View\View->render()
 5 APPPATH/Controllers/BaseController.php(74): view()
 6 APPPATH/Controllers/DashboardController.php(12): App\Controllers\BaseController->render_dashboard()
 7 SYSTEMPATH/CodeIgniter.php(933): App\Controllers\DashboardController->index()
 8 SYSTEMPATH/CodeIgniter.php(507): CodeIgniter\CodeIgniter->runController()
 9 SYSTEMPATH/CodeIgniter.php(354): CodeIgniter\CodeIgniter->handleRequest()
10 SYSTEMPATH/Boot.php(334): CodeIgniter\CodeIgniter->run()
11 SYSTEMPATH/Boot.php(67): CodeIgniter\Boot::runCodeIgniter()
12 FCPATH/index.php(59): CodeIgniter\Boot::bootWeb()
13 SYSTEMPATH/rewrite.php(44): require_once('/opt/thors/playground/codeigneter/madinah-ci4/public/index.php')
DEBUG - 2025-07-30 06:52:15 --> Session: Class initialized using 'CodeIgniter\Session\Handlers\FileHandler' driver.
DEBUG - 2025-07-30 06:55:14 --> Session: Class initialized using 'CodeIgniter\Session\Handlers\FileHandler' driver.
DEBUG - 2025-07-30 06:55:33 --> Session: Class initialized using 'CodeIgniter\Session\Handlers\FileHandler' driver.
DEBUG - 2025-07-30 06:56:01 --> Session: Class initialized using 'CodeIgniter\Session\Handlers\FileHandler' driver.
DEBUG - 2025-07-30 06:56:01 --> Session: Class initialized using 'CodeIgniter\Session\Handlers\FileHandler' driver.
DEBUG - 2025-07-30 06:56:16 --> Session: Class initialized using 'CodeIgniter\Session\Handlers\FileHandler' driver.
DEBUG - 2025-07-30 06:56:54 --> Session: Class initialized using 'CodeIgniter\Session\Handlers\FileHandler' driver.
DEBUG - 2025-07-30 06:58:08 --> Session: Class initialized using 'CodeIgniter\Session\Handlers\FileHandler' driver.
CRITICAL - 2025-07-30 06:58:08 --> TypeError: Cannot access offset of type string on string
[Method: GET, Route: dashboard]
in APPPATH/Views/layouts/header_dashboard.php on line 8.
 1 SYSTEMPATH/View/View.php(224): include()
 2 SYSTEMPATH/View/View.php(227): CodeIgniter\View\View->CodeIgniter\View\{closure}()
 3 SYSTEMPATH/Common.php(1173): CodeIgniter\View\View->render()
 4 APPPATH/Controllers/BaseController.php(74): view()
 5 APPPATH/Controllers/DashboardController.php(12): App\Controllers\BaseController->render_dashboard()
 6 SYSTEMPATH/CodeIgniter.php(933): App\Controllers\DashboardController->index()
 7 SYSTEMPATH/CodeIgniter.php(507): CodeIgniter\CodeIgniter->runController()
 8 SYSTEMPATH/CodeIgniter.php(354): CodeIgniter\CodeIgniter->handleRequest()
 9 SYSTEMPATH/Boot.php(334): CodeIgniter\CodeIgniter->run()
10 SYSTEMPATH/Boot.php(67): CodeIgniter\Boot::runCodeIgniter()
11 FCPATH/index.php(59): CodeIgniter\Boot::bootWeb()
12 SYSTEMPATH/rewrite.php(44): require_once('/opt/thors/playground/codeigneter/madinah-ci4/public/index.php')
DEBUG - 2025-07-30 06:58:32 --> Session: Class initialized using 'CodeIgniter\Session\Handlers\FileHandler' driver.
CRITICAL - 2025-07-30 06:58:32 --> TypeError: Cannot access offset of type string on string
[Method: GET, Route: dashboard]
in APPPATH/Views/layouts/header_dashboard.php on line 10.
 1 SYSTEMPATH/View/View.php(224): include()
 2 SYSTEMPATH/View/View.php(227): CodeIgniter\View\View->CodeIgniter\View\{closure}()
 3 SYSTEMPATH/Common.php(1173): CodeIgniter\View\View->render()
 4 APPPATH/Controllers/BaseController.php(74): view()
 5 APPPATH/Controllers/DashboardController.php(12): App\Controllers\BaseController->render_dashboard()
 6 SYSTEMPATH/CodeIgniter.php(933): App\Controllers\DashboardController->index()
 7 SYSTEMPATH/CodeIgniter.php(507): CodeIgniter\CodeIgniter->runController()
 8 SYSTEMPATH/CodeIgniter.php(354): CodeIgniter\CodeIgniter->handleRequest()
 9 SYSTEMPATH/Boot.php(334): CodeIgniter\CodeIgniter->run()
10 SYSTEMPATH/Boot.php(67): CodeIgniter\Boot::runCodeIgniter()
11 FCPATH/index.php(59): CodeIgniter\Boot::bootWeb()
12 SYSTEMPATH/rewrite.php(44): require_once('/opt/thors/playground/codeigneter/madinah-ci4/public/index.php')
DEBUG - 2025-07-30 06:58:39 --> Session: Class initialized using 'CodeIgniter\Session\Handlers\FileHandler' driver.
DEBUG - 2025-07-30 06:59:02 --> Session: Class initialized using 'CodeIgniter\Session\Handlers\FileHandler' driver.
DEBUG - 2025-07-30 07:01:57 --> Session: Class initialized using 'CodeIgniter\Session\Handlers\FileHandler' driver.
DEBUG - 2025-07-30 07:02:05 --> Session: Class initialized using 'CodeIgniter\Session\Handlers\FileHandler' driver.
DEBUG - 2025-07-30 07:02:09 --> Session: Class initialized using 'CodeIgniter\Session\Handlers\FileHandler' driver.
DEBUG - 2025-07-30 07:07:34 --> Session: Class initialized using 'CodeIgniter\Session\Handlers\FileHandler' driver.
DEBUG - 2025-07-30 07:08:12 --> Session: Class initialized using 'CodeIgniter\Session\Handlers\FileHandler' driver.
DEBUG - 2025-07-30 07:08:37 --> Session: Class initialized using 'CodeIgniter\Session\Handlers\FileHandler' driver.
DEBUG - 2025-07-30 07:15:01 --> Session: Class initialized using 'CodeIgniter\Session\Handlers\FileHandler' driver.
DEBUG - 2025-07-30 07:15:02 --> Session: Class initialized using 'CodeIgniter\Session\Handlers\FileHandler' driver.
DEBUG - 2025-07-30 07:27:31 --> Session: Class initialized using 'CodeIgniter\Session\Handlers\FileHandler' driver.
DEBUG - 2025-07-30 07:27:41 --> Session: Class initialized using 'CodeIgniter\Session\Handlers\FileHandler' driver.
DEBUG - 2025-07-30 07:39:36 --> Session: Class initialized using 'CodeIgniter\Session\Handlers\FileHandler' driver.
DEBUG - 2025-07-30 07:40:06 --> Session: Class initialized using 'CodeIgniter\Session\Handlers\FileHandler' driver.
DEBUG - 2025-07-30 07:41:42 --> Session: Class initialized using 'CodeIgniter\Session\Handlers\FileHandler' driver.
DEBUG - 2025-07-30 07:41:51 --> Session: Class initialized using 'CodeIgniter\Session\Handlers\FileHandler' driver.
DEBUG - 2025-07-30 07:52:51 --> Session: Class initialized using 'CodeIgniter\Session\Handlers\FileHandler' driver.
