CRITICAL - 2025-08-14 09:27:17 --> CodeIgniter\Database\Exceptions\DataException: Allowed fields must be specified for model: "App\Models\NewsModel"
[Method: POST, Route: artikel/store]
in SYSTEMPATH/Model.php on line 822.
 1 SYSTEMPATH/Model.php(822): CodeIgniter\Database\Exceptions\DataException::forInvalidAllowedFields()
 2 SYSTEMPATH/BaseModel.php(824): CodeIgniter\Model->doProtectFieldsForInsert()
 3 SYSTEMPATH/Model.php(800): CodeIgniter\BaseModel->insert()
 4 APPPATH/Controllers/NewsController.php(36): CodeIgniter\Model->insert()
 5 SYSTEMPATH/CodeIgniter.php(933): App\Controllers\NewsController->store()
 6 SYSTEMPATH/CodeIgniter.php(507): CodeIgniter\CodeIgniter->runController()
 7 SYSTEMPATH/CodeIgniter.php(354): CodeIgniter\CodeIgniter->handleRequest()
 8 SYSTEMPATH/Boot.php(334): CodeIgniter\CodeIgniter->run()
 9 SYSTEMPATH/Boot.php(67): CodeIgniter\Boot::runCodeIgniter()
10 FCPATH/index.php(59): CodeIgniter\Boot::bootWeb()
11 SYSTEMPATH/rewrite.php(44): require_once('/opt/thors/playground/codeigneter/madinah-ci4/public/index.php')
ERROR - 2025-08-14 09:33:46 --> mysqli_sql_exception: Table 'madinahbprs.categoryarticles' doesn't exist in /opt/thors/playground/codeigneter/madinah-ci4/system/Database/MySQLi/Connection.php:327
Stack trace:
#0 /opt/thors/playground/codeigneter/madinah-ci4/system/Database/MySQLi/Connection.php(327): mysqli->query()
#1 /opt/thors/playground/codeigneter/madinah-ci4/system/Database/BaseConnection.php(738): CodeIgniter\Database\MySQLi\Connection->execute()
#2 /opt/thors/playground/codeigneter/madinah-ci4/system/Database/BaseConnection.php(652): CodeIgniter\Database\BaseConnection->simpleQuery()
#3 /opt/thors/playground/codeigneter/madinah-ci4/system/Database/BaseBuilder.php(1649): CodeIgniter\Database\BaseConnection->query()
#4 /opt/thors/playground/codeigneter/madinah-ci4/system/Model.php(286): CodeIgniter\Database\BaseBuilder->get()
#5 /opt/thors/playground/codeigneter/madinah-ci4/system/BaseModel.php(679): CodeIgniter\Model->doFindAll()
#6 /opt/thors/playground/codeigneter/madinah-ci4/app/Controllers/NewsController.php(18): CodeIgniter\BaseModel->findAll()
#7 /opt/thors/playground/codeigneter/madinah-ci4/system/CodeIgniter.php(933): App\Controllers\NewsController->index()
#8 /opt/thors/playground/codeigneter/madinah-ci4/system/CodeIgniter.php(507): CodeIgniter\CodeIgniter->runController()
#9 /opt/thors/playground/codeigneter/madinah-ci4/system/CodeIgniter.php(354): CodeIgniter\CodeIgniter->handleRequest()
#10 /opt/thors/playground/codeigneter/madinah-ci4/system/Boot.php(334): CodeIgniter\CodeIgniter->run()
#11 /opt/thors/playground/codeigneter/madinah-ci4/system/Boot.php(67): CodeIgniter\Boot::runCodeIgniter()
#12 /opt/thors/playground/codeigneter/madinah-ci4/public/index.php(59): CodeIgniter\Boot::bootWeb()
#13 /opt/thors/playground/codeigneter/madinah-ci4/system/rewrite.php(44): require_once('...')
#14 {main}
CRITICAL - 2025-08-14 09:33:46 --> CodeIgniter\Database\Exceptions\DatabaseException: Table 'madinahbprs.categoryarticles' doesn't exist
[Method: GET, Route: artikel]
in SYSTEMPATH/Database/BaseConnection.php on line 692.
 1 SYSTEMPATH/Database/BaseBuilder.php(1649): CodeIgniter\Database\BaseConnection->query()
 2 SYSTEMPATH/Model.php(286): CodeIgniter\Database\BaseBuilder->get()
 3 SYSTEMPATH/BaseModel.php(679): CodeIgniter\Model->doFindAll()
 4 APPPATH/Controllers/NewsController.php(18): CodeIgniter\BaseModel->findAll()
 5 SYSTEMPATH/CodeIgniter.php(933): App\Controllers\NewsController->index()
 6 SYSTEMPATH/CodeIgniter.php(507): CodeIgniter\CodeIgniter->runController()
 7 SYSTEMPATH/CodeIgniter.php(354): CodeIgniter\CodeIgniter->handleRequest()
 8 SYSTEMPATH/Boot.php(334): CodeIgniter\CodeIgniter->run()
 9 SYSTEMPATH/Boot.php(67): CodeIgniter\Boot::runCodeIgniter()
10 FCPATH/index.php(59): CodeIgniter\Boot::bootWeb()
11 SYSTEMPATH/rewrite.php(44): require_once('/opt/thors/playground/codeigneter/madinah-ci4/public/index.php')
CRITICAL - 2025-08-14 09:33:46 --> [Caused by] CodeIgniter\Database\Exceptions\DatabaseException: Table 'madinahbprs.categoryarticles' doesn't exist
in SYSTEMPATH/Database/MySQLi/Connection.php on line 332.
 1 SYSTEMPATH/Database/BaseConnection.php(738): CodeIgniter\Database\MySQLi\Connection->execute()
 2 SYSTEMPATH/Database/BaseConnection.php(652): CodeIgniter\Database\BaseConnection->simpleQuery()
 3 SYSTEMPATH/Database/BaseBuilder.php(1649): CodeIgniter\Database\BaseConnection->query()
 4 SYSTEMPATH/Model.php(286): CodeIgniter\Database\BaseBuilder->get()
 5 SYSTEMPATH/BaseModel.php(679): CodeIgniter\Model->doFindAll()
 6 APPPATH/Controllers/NewsController.php(18): CodeIgniter\BaseModel->findAll()
 7 SYSTEMPATH/CodeIgniter.php(933): App\Controllers\NewsController->index()
 8 SYSTEMPATH/CodeIgniter.php(507): CodeIgniter\CodeIgniter->runController()
 9 SYSTEMPATH/CodeIgniter.php(354): CodeIgniter\CodeIgniter->handleRequest()
10 SYSTEMPATH/Boot.php(334): CodeIgniter\CodeIgniter->run()
11 SYSTEMPATH/Boot.php(67): CodeIgniter\Boot::runCodeIgniter()
12 FCPATH/index.php(59): CodeIgniter\Boot::bootWeb()
13 SYSTEMPATH/rewrite.php(44): require_once('/opt/thors/playground/codeigneter/madinah-ci4/public/index.php')
CRITICAL - 2025-08-14 09:33:46 --> [Caused by] mysqli_sql_exception: Table 'madinahbprs.categoryarticles' doesn't exist
in SYSTEMPATH/Database/MySQLi/Connection.php on line 327.
 1 SYSTEMPATH/Database/MySQLi/Connection.php(327): mysqli->query()
 2 SYSTEMPATH/Database/BaseConnection.php(738): CodeIgniter\Database\MySQLi\Connection->execute()
 3 SYSTEMPATH/Database/BaseConnection.php(652): CodeIgniter\Database\BaseConnection->simpleQuery()
 4 SYSTEMPATH/Database/BaseBuilder.php(1649): CodeIgniter\Database\BaseConnection->query()
 5 SYSTEMPATH/Model.php(286): CodeIgniter\Database\BaseBuilder->get()
 6 SYSTEMPATH/BaseModel.php(679): CodeIgniter\Model->doFindAll()
 7 APPPATH/Controllers/NewsController.php(18): CodeIgniter\BaseModel->findAll()
 8 SYSTEMPATH/CodeIgniter.php(933): App\Controllers\NewsController->index()
 9 SYSTEMPATH/CodeIgniter.php(507): CodeIgniter\CodeIgniter->runController()
10 SYSTEMPATH/CodeIgniter.php(354): CodeIgniter\CodeIgniter->handleRequest()
11 SYSTEMPATH/Boot.php(334): CodeIgniter\CodeIgniter->run()
12 SYSTEMPATH/Boot.php(67): CodeIgniter\Boot::runCodeIgniter()
13 FCPATH/index.php(59): CodeIgniter\Boot::bootWeb()
14 SYSTEMPATH/rewrite.php(44): require_once('/opt/thors/playground/codeigneter/madinah-ci4/public/index.php')
ERROR - 2025-08-14 09:42:35 --> mysqli_sql_exception: Column 'user_id' cannot be null in /opt/thors/playground/codeigneter/madinah-ci4/system/Database/MySQLi/Connection.php:327
Stack trace:
#0 /opt/thors/playground/codeigneter/madinah-ci4/system/Database/MySQLi/Connection.php(327): mysqli->query()
#1 /opt/thors/playground/codeigneter/madinah-ci4/system/Database/BaseConnection.php(738): CodeIgniter\Database\MySQLi\Connection->execute()
#2 /opt/thors/playground/codeigneter/madinah-ci4/system/Database/BaseConnection.php(652): CodeIgniter\Database\BaseConnection->simpleQuery()
#3 /opt/thors/playground/codeigneter/madinah-ci4/system/Database/BaseBuilder.php(2345): CodeIgniter\Database\BaseConnection->query()
#4 /opt/thors/playground/codeigneter/madinah-ci4/system/Model.php(394): CodeIgniter\Database\BaseBuilder->insert()
#5 /opt/thors/playground/codeigneter/madinah-ci4/system/BaseModel.php(843): CodeIgniter\Model->doInsert()
#6 /opt/thors/playground/codeigneter/madinah-ci4/system/Model.php(800): CodeIgniter\BaseModel->insert()
#7 /opt/thors/playground/codeigneter/madinah-ci4/app/Controllers/NewsController.php(39): CodeIgniter\Model->insert()
#8 /opt/thors/playground/codeigneter/madinah-ci4/system/CodeIgniter.php(933): App\Controllers\NewsController->store()
#9 /opt/thors/playground/codeigneter/madinah-ci4/system/CodeIgniter.php(507): CodeIgniter\CodeIgniter->runController()
#10 /opt/thors/playground/codeigneter/madinah-ci4/system/CodeIgniter.php(354): CodeIgniter\CodeIgniter->handleRequest()
#11 /opt/thors/playground/codeigneter/madinah-ci4/system/Boot.php(334): CodeIgniter\CodeIgniter->run()
#12 /opt/thors/playground/codeigneter/madinah-ci4/system/Boot.php(67): CodeIgniter\Boot::runCodeIgniter()
#13 /opt/thors/playground/codeigneter/madinah-ci4/public/index.php(59): CodeIgniter\Boot::bootWeb()
#14 /opt/thors/playground/codeigneter/madinah-ci4/system/rewrite.php(44): require_once('...')
#15 {main}
CRITICAL - 2025-08-14 09:42:35 --> CodeIgniter\Database\Exceptions\DatabaseException: Column 'user_id' cannot be null
[Method: POST, Route: artikel/store]
in SYSTEMPATH/Database/BaseConnection.php on line 692.
 1 SYSTEMPATH/Database/BaseBuilder.php(2345): CodeIgniter\Database\BaseConnection->query()
 2 SYSTEMPATH/Model.php(394): CodeIgniter\Database\BaseBuilder->insert()
 3 SYSTEMPATH/BaseModel.php(843): CodeIgniter\Model->doInsert()
 4 SYSTEMPATH/Model.php(800): CodeIgniter\BaseModel->insert()
 5 APPPATH/Controllers/NewsController.php(39): CodeIgniter\Model->insert()
 6 SYSTEMPATH/CodeIgniter.php(933): App\Controllers\NewsController->store()
 7 SYSTEMPATH/CodeIgniter.php(507): CodeIgniter\CodeIgniter->runController()
 8 SYSTEMPATH/CodeIgniter.php(354): CodeIgniter\CodeIgniter->handleRequest()
 9 SYSTEMPATH/Boot.php(334): CodeIgniter\CodeIgniter->run()
10 SYSTEMPATH/Boot.php(67): CodeIgniter\Boot::runCodeIgniter()
11 FCPATH/index.php(59): CodeIgniter\Boot::bootWeb()
12 SYSTEMPATH/rewrite.php(44): require_once('/opt/thors/playground/codeigneter/madinah-ci4/public/index.php')
CRITICAL - 2025-08-14 09:42:35 --> [Caused by] CodeIgniter\Database\Exceptions\DatabaseException: Column 'user_id' cannot be null
in SYSTEMPATH/Database/MySQLi/Connection.php on line 332.
 1 SYSTEMPATH/Database/BaseConnection.php(738): CodeIgniter\Database\MySQLi\Connection->execute()
 2 SYSTEMPATH/Database/BaseConnection.php(652): CodeIgniter\Database\BaseConnection->simpleQuery()
 3 SYSTEMPATH/Database/BaseBuilder.php(2345): CodeIgniter\Database\BaseConnection->query()
 4 SYSTEMPATH/Model.php(394): CodeIgniter\Database\BaseBuilder->insert()
 5 SYSTEMPATH/BaseModel.php(843): CodeIgniter\Model->doInsert()
 6 SYSTEMPATH/Model.php(800): CodeIgniter\BaseModel->insert()
 7 APPPATH/Controllers/NewsController.php(39): CodeIgniter\Model->insert()
 8 SYSTEMPATH/CodeIgniter.php(933): App\Controllers\NewsController->store()
 9 SYSTEMPATH/CodeIgniter.php(507): CodeIgniter\CodeIgniter->runController()
10 SYSTEMPATH/CodeIgniter.php(354): CodeIgniter\CodeIgniter->handleRequest()
11 SYSTEMPATH/Boot.php(334): CodeIgniter\CodeIgniter->run()
12 SYSTEMPATH/Boot.php(67): CodeIgniter\Boot::runCodeIgniter()
13 FCPATH/index.php(59): CodeIgniter\Boot::bootWeb()
14 SYSTEMPATH/rewrite.php(44): require_once('/opt/thors/playground/codeigneter/madinah-ci4/public/index.php')
CRITICAL - 2025-08-14 09:42:35 --> [Caused by] mysqli_sql_exception: Column 'user_id' cannot be null
in SYSTEMPATH/Database/MySQLi/Connection.php on line 327.
 1 SYSTEMPATH/Database/MySQLi/Connection.php(327): mysqli->query()
 2 SYSTEMPATH/Database/BaseConnection.php(738): CodeIgniter\Database\MySQLi\Connection->execute()
 3 SYSTEMPATH/Database/BaseConnection.php(652): CodeIgniter\Database\BaseConnection->simpleQuery()
 4 SYSTEMPATH/Database/BaseBuilder.php(2345): CodeIgniter\Database\BaseConnection->query()
 5 SYSTEMPATH/Model.php(394): CodeIgniter\Database\BaseBuilder->insert()
 6 SYSTEMPATH/BaseModel.php(843): CodeIgniter\Model->doInsert()
 7 SYSTEMPATH/Model.php(800): CodeIgniter\BaseModel->insert()
 8 APPPATH/Controllers/NewsController.php(39): CodeIgniter\Model->insert()
 9 SYSTEMPATH/CodeIgniter.php(933): App\Controllers\NewsController->store()
10 SYSTEMPATH/CodeIgniter.php(507): CodeIgniter\CodeIgniter->runController()
11 SYSTEMPATH/CodeIgniter.php(354): CodeIgniter\CodeIgniter->handleRequest()
12 SYSTEMPATH/Boot.php(334): CodeIgniter\CodeIgniter->run()
13 SYSTEMPATH/Boot.php(67): CodeIgniter\Boot::runCodeIgniter()
14 FCPATH/index.php(59): CodeIgniter\Boot::bootWeb()
15 SYSTEMPATH/rewrite.php(44): require_once('/opt/thors/playground/codeigneter/madinah-ci4/public/index.php')
CRITICAL - 2025-08-14 09:43:27 --> CodeIgniter\Database\Exceptions\DataException: Allowed fields must be specified for model: "App\Models\TagModel"
[Method: POST, Route: artikel/store]
in SYSTEMPATH/Model.php on line 822.
 1 SYSTEMPATH/Model.php(822): CodeIgniter\Database\Exceptions\DataException::forInvalidAllowedFields()
 2 SYSTEMPATH/BaseModel.php(824): CodeIgniter\Model->doProtectFieldsForInsert()
 3 SYSTEMPATH/Model.php(800): CodeIgniter\BaseModel->insert()
 4 APPPATH/Controllers/NewsController.php(59): CodeIgniter\Model->insert()
 5 SYSTEMPATH/CodeIgniter.php(933): App\Controllers\NewsController->store()
 6 SYSTEMPATH/CodeIgniter.php(507): CodeIgniter\CodeIgniter->runController()
 7 SYSTEMPATH/CodeIgniter.php(354): CodeIgniter\CodeIgniter->handleRequest()
 8 SYSTEMPATH/Boot.php(334): CodeIgniter\CodeIgniter->run()
 9 SYSTEMPATH/Boot.php(67): CodeIgniter\Boot::runCodeIgniter()
10 FCPATH/index.php(59): CodeIgniter\Boot::bootWeb()
11 SYSTEMPATH/rewrite.php(44): require_once('/opt/thors/playground/codeigneter/madinah-ci4/public/index.php')
ERROR - 2025-08-14 09:45:40 --> mysqli_sql_exception: Table 'madinahbprs.articletags' doesn't exist in /opt/thors/playground/codeigneter/madinah-ci4/system/Database/MySQLi/Connection.php:327
Stack trace:
#0 /opt/thors/playground/codeigneter/madinah-ci4/system/Database/MySQLi/Connection.php(327): mysqli->query()
#1 /opt/thors/playground/codeigneter/madinah-ci4/system/Database/BaseConnection.php(738): CodeIgniter\Database\MySQLi\Connection->execute()
#2 /opt/thors/playground/codeigneter/madinah-ci4/system/Database/BaseConnection.php(652): CodeIgniter\Database\BaseConnection->simpleQuery()
#3 /opt/thors/playground/codeigneter/madinah-ci4/system/Database/BaseBuilder.php(2345): CodeIgniter\Database\BaseConnection->query()
#4 /opt/thors/playground/codeigneter/madinah-ci4/system/Model.php(394): CodeIgniter\Database\BaseBuilder->insert()
#5 /opt/thors/playground/codeigneter/madinah-ci4/system/BaseModel.php(843): CodeIgniter\Model->doInsert()
#6 /opt/thors/playground/codeigneter/madinah-ci4/system/Model.php(800): CodeIgniter\BaseModel->insert()
#7 /opt/thors/playground/codeigneter/madinah-ci4/app/Controllers/NewsController.php(65): CodeIgniter\Model->insert()
#8 /opt/thors/playground/codeigneter/madinah-ci4/system/CodeIgniter.php(933): App\Controllers\NewsController->store()
#9 /opt/thors/playground/codeigneter/madinah-ci4/system/CodeIgniter.php(507): CodeIgniter\CodeIgniter->runController()
#10 /opt/thors/playground/codeigneter/madinah-ci4/system/CodeIgniter.php(354): CodeIgniter\CodeIgniter->handleRequest()
#11 /opt/thors/playground/codeigneter/madinah-ci4/system/Boot.php(334): CodeIgniter\CodeIgniter->run()
#12 /opt/thors/playground/codeigneter/madinah-ci4/system/Boot.php(67): CodeIgniter\Boot::runCodeIgniter()
#13 /opt/thors/playground/codeigneter/madinah-ci4/public/index.php(59): CodeIgniter\Boot::bootWeb()
#14 /opt/thors/playground/codeigneter/madinah-ci4/system/rewrite.php(44): require_once('...')
#15 {main}
CRITICAL - 2025-08-14 09:45:40 --> CodeIgniter\Database\Exceptions\DatabaseException: Table 'madinahbprs.articletags' doesn't exist
[Method: POST, Route: artikel/store]
in SYSTEMPATH/Database/BaseConnection.php on line 692.
 1 SYSTEMPATH/Database/BaseBuilder.php(2345): CodeIgniter\Database\BaseConnection->query()
 2 SYSTEMPATH/Model.php(394): CodeIgniter\Database\BaseBuilder->insert()
 3 SYSTEMPATH/BaseModel.php(843): CodeIgniter\Model->doInsert()
 4 SYSTEMPATH/Model.php(800): CodeIgniter\BaseModel->insert()
 5 APPPATH/Controllers/NewsController.php(65): CodeIgniter\Model->insert()
 6 SYSTEMPATH/CodeIgniter.php(933): App\Controllers\NewsController->store()
 7 SYSTEMPATH/CodeIgniter.php(507): CodeIgniter\CodeIgniter->runController()
 8 SYSTEMPATH/CodeIgniter.php(354): CodeIgniter\CodeIgniter->handleRequest()
 9 SYSTEMPATH/Boot.php(334): CodeIgniter\CodeIgniter->run()
10 SYSTEMPATH/Boot.php(67): CodeIgniter\Boot::runCodeIgniter()
11 FCPATH/index.php(59): CodeIgniter\Boot::bootWeb()
12 SYSTEMPATH/rewrite.php(44): require_once('/opt/thors/playground/codeigneter/madinah-ci4/public/index.php')
CRITICAL - 2025-08-14 09:45:40 --> [Caused by] CodeIgniter\Database\Exceptions\DatabaseException: Table 'madinahbprs.articletags' doesn't exist
in SYSTEMPATH/Database/MySQLi/Connection.php on line 332.
 1 SYSTEMPATH/Database/BaseConnection.php(738): CodeIgniter\Database\MySQLi\Connection->execute()
 2 SYSTEMPATH/Database/BaseConnection.php(652): CodeIgniter\Database\BaseConnection->simpleQuery()
 3 SYSTEMPATH/Database/BaseBuilder.php(2345): CodeIgniter\Database\BaseConnection->query()
 4 SYSTEMPATH/Model.php(394): CodeIgniter\Database\BaseBuilder->insert()
 5 SYSTEMPATH/BaseModel.php(843): CodeIgniter\Model->doInsert()
 6 SYSTEMPATH/Model.php(800): CodeIgniter\BaseModel->insert()
 7 APPPATH/Controllers/NewsController.php(65): CodeIgniter\Model->insert()
 8 SYSTEMPATH/CodeIgniter.php(933): App\Controllers\NewsController->store()
 9 SYSTEMPATH/CodeIgniter.php(507): CodeIgniter\CodeIgniter->runController()
10 SYSTEMPATH/CodeIgniter.php(354): CodeIgniter\CodeIgniter->handleRequest()
11 SYSTEMPATH/Boot.php(334): CodeIgniter\CodeIgniter->run()
12 SYSTEMPATH/Boot.php(67): CodeIgniter\Boot::runCodeIgniter()
13 FCPATH/index.php(59): CodeIgniter\Boot::bootWeb()
14 SYSTEMPATH/rewrite.php(44): require_once('/opt/thors/playground/codeigneter/madinah-ci4/public/index.php')
CRITICAL - 2025-08-14 09:45:40 --> [Caused by] mysqli_sql_exception: Table 'madinahbprs.articletags' doesn't exist
in SYSTEMPATH/Database/MySQLi/Connection.php on line 327.
 1 SYSTEMPATH/Database/MySQLi/Connection.php(327): mysqli->query()
 2 SYSTEMPATH/Database/BaseConnection.php(738): CodeIgniter\Database\MySQLi\Connection->execute()
 3 SYSTEMPATH/Database/BaseConnection.php(652): CodeIgniter\Database\BaseConnection->simpleQuery()
 4 SYSTEMPATH/Database/BaseBuilder.php(2345): CodeIgniter\Database\BaseConnection->query()
 5 SYSTEMPATH/Model.php(394): CodeIgniter\Database\BaseBuilder->insert()
 6 SYSTEMPATH/BaseModel.php(843): CodeIgniter\Model->doInsert()
 7 SYSTEMPATH/Model.php(800): CodeIgniter\BaseModel->insert()
 8 APPPATH/Controllers/NewsController.php(65): CodeIgniter\Model->insert()
 9 SYSTEMPATH/CodeIgniter.php(933): App\Controllers\NewsController->store()
10 SYSTEMPATH/CodeIgniter.php(507): CodeIgniter\CodeIgniter->runController()
11 SYSTEMPATH/CodeIgniter.php(354): CodeIgniter\CodeIgniter->handleRequest()
12 SYSTEMPATH/Boot.php(334): CodeIgniter\CodeIgniter->run()
13 SYSTEMPATH/Boot.php(67): CodeIgniter\Boot::runCodeIgniter()
14 FCPATH/index.php(59): CodeIgniter\Boot::bootWeb()
15 SYSTEMPATH/rewrite.php(44): require_once('/opt/thors/playground/codeigneter/madinah-ci4/public/index.php')
ERROR - 2025-08-14 09:46:02 --> mysqli_sql_exception: Duplicate entry 'testing-upload-dengan-tage' for key 'articles.slug' in /opt/thors/playground/codeigneter/madinah-ci4/system/Database/MySQLi/Connection.php:327
Stack trace:
#0 /opt/thors/playground/codeigneter/madinah-ci4/system/Database/MySQLi/Connection.php(327): mysqli->query()
#1 /opt/thors/playground/codeigneter/madinah-ci4/system/Database/BaseConnection.php(738): CodeIgniter\Database\MySQLi\Connection->execute()
#2 /opt/thors/playground/codeigneter/madinah-ci4/system/Database/BaseConnection.php(652): CodeIgniter\Database\BaseConnection->simpleQuery()
#3 /opt/thors/playground/codeigneter/madinah-ci4/system/Database/BaseBuilder.php(2345): CodeIgniter\Database\BaseConnection->query()
#4 /opt/thors/playground/codeigneter/madinah-ci4/system/Model.php(394): CodeIgniter\Database\BaseBuilder->insert()
#5 /opt/thors/playground/codeigneter/madinah-ci4/system/BaseModel.php(843): CodeIgniter\Model->doInsert()
#6 /opt/thors/playground/codeigneter/madinah-ci4/system/Model.php(800): CodeIgniter\BaseModel->insert()
#7 /opt/thors/playground/codeigneter/madinah-ci4/app/Controllers/NewsController.php(39): CodeIgniter\Model->insert()
#8 /opt/thors/playground/codeigneter/madinah-ci4/system/CodeIgniter.php(933): App\Controllers\NewsController->store()
#9 /opt/thors/playground/codeigneter/madinah-ci4/system/CodeIgniter.php(507): CodeIgniter\CodeIgniter->runController()
#10 /opt/thors/playground/codeigneter/madinah-ci4/system/CodeIgniter.php(354): CodeIgniter\CodeIgniter->handleRequest()
#11 /opt/thors/playground/codeigneter/madinah-ci4/system/Boot.php(334): CodeIgniter\CodeIgniter->run()
#12 /opt/thors/playground/codeigneter/madinah-ci4/system/Boot.php(67): CodeIgniter\Boot::runCodeIgniter()
#13 /opt/thors/playground/codeigneter/madinah-ci4/public/index.php(59): CodeIgniter\Boot::bootWeb()
#14 /opt/thors/playground/codeigneter/madinah-ci4/system/rewrite.php(44): require_once('...')
#15 {main}
CRITICAL - 2025-08-14 09:46:02 --> CodeIgniter\Database\Exceptions\DatabaseException: Duplicate entry 'testing-upload-dengan-tage' for key 'articles.slug'
[Method: POST, Route: artikel/store]
in SYSTEMPATH/Database/BaseConnection.php on line 692.
 1 SYSTEMPATH/Database/BaseBuilder.php(2345): CodeIgniter\Database\BaseConnection->query()
 2 SYSTEMPATH/Model.php(394): CodeIgniter\Database\BaseBuilder->insert()
 3 SYSTEMPATH/BaseModel.php(843): CodeIgniter\Model->doInsert()
 4 SYSTEMPATH/Model.php(800): CodeIgniter\BaseModel->insert()
 5 APPPATH/Controllers/NewsController.php(39): CodeIgniter\Model->insert()
 6 SYSTEMPATH/CodeIgniter.php(933): App\Controllers\NewsController->store()
 7 SYSTEMPATH/CodeIgniter.php(507): CodeIgniter\CodeIgniter->runController()
 8 SYSTEMPATH/CodeIgniter.php(354): CodeIgniter\CodeIgniter->handleRequest()
 9 SYSTEMPATH/Boot.php(334): CodeIgniter\CodeIgniter->run()
10 SYSTEMPATH/Boot.php(67): CodeIgniter\Boot::runCodeIgniter()
11 FCPATH/index.php(59): CodeIgniter\Boot::bootWeb()
12 SYSTEMPATH/rewrite.php(44): require_once('/opt/thors/playground/codeigneter/madinah-ci4/public/index.php')
CRITICAL - 2025-08-14 09:46:02 --> [Caused by] CodeIgniter\Database\Exceptions\DatabaseException: Duplicate entry 'testing-upload-dengan-tage' for key 'articles.slug'
in SYSTEMPATH/Database/MySQLi/Connection.php on line 332.
 1 SYSTEMPATH/Database/BaseConnection.php(738): CodeIgniter\Database\MySQLi\Connection->execute()
 2 SYSTEMPATH/Database/BaseConnection.php(652): CodeIgniter\Database\BaseConnection->simpleQuery()
 3 SYSTEMPATH/Database/BaseBuilder.php(2345): CodeIgniter\Database\BaseConnection->query()
 4 SYSTEMPATH/Model.php(394): CodeIgniter\Database\BaseBuilder->insert()
 5 SYSTEMPATH/BaseModel.php(843): CodeIgniter\Model->doInsert()
 6 SYSTEMPATH/Model.php(800): CodeIgniter\BaseModel->insert()
 7 APPPATH/Controllers/NewsController.php(39): CodeIgniter\Model->insert()
 8 SYSTEMPATH/CodeIgniter.php(933): App\Controllers\NewsController->store()
 9 SYSTEMPATH/CodeIgniter.php(507): CodeIgniter\CodeIgniter->runController()
10 SYSTEMPATH/CodeIgniter.php(354): CodeIgniter\CodeIgniter->handleRequest()
11 SYSTEMPATH/Boot.php(334): CodeIgniter\CodeIgniter->run()
12 SYSTEMPATH/Boot.php(67): CodeIgniter\Boot::runCodeIgniter()
13 FCPATH/index.php(59): CodeIgniter\Boot::bootWeb()
14 SYSTEMPATH/rewrite.php(44): require_once('/opt/thors/playground/codeigneter/madinah-ci4/public/index.php')
CRITICAL - 2025-08-14 09:46:02 --> [Caused by] mysqli_sql_exception: Duplicate entry 'testing-upload-dengan-tage' for key 'articles.slug'
in SYSTEMPATH/Database/MySQLi/Connection.php on line 327.
 1 SYSTEMPATH/Database/MySQLi/Connection.php(327): mysqli->query()
 2 SYSTEMPATH/Database/BaseConnection.php(738): CodeIgniter\Database\MySQLi\Connection->execute()
 3 SYSTEMPATH/Database/BaseConnection.php(652): CodeIgniter\Database\BaseConnection->simpleQuery()
 4 SYSTEMPATH/Database/BaseBuilder.php(2345): CodeIgniter\Database\BaseConnection->query()
 5 SYSTEMPATH/Model.php(394): CodeIgniter\Database\BaseBuilder->insert()
 6 SYSTEMPATH/BaseModel.php(843): CodeIgniter\Model->doInsert()
 7 SYSTEMPATH/Model.php(800): CodeIgniter\BaseModel->insert()
 8 APPPATH/Controllers/NewsController.php(39): CodeIgniter\Model->insert()
 9 SYSTEMPATH/CodeIgniter.php(933): App\Controllers\NewsController->store()
10 SYSTEMPATH/CodeIgniter.php(507): CodeIgniter\CodeIgniter->runController()
11 SYSTEMPATH/CodeIgniter.php(354): CodeIgniter\CodeIgniter->handleRequest()
12 SYSTEMPATH/Boot.php(334): CodeIgniter\CodeIgniter->run()
13 SYSTEMPATH/Boot.php(67): CodeIgniter\Boot::runCodeIgniter()
14 FCPATH/index.php(59): CodeIgniter\Boot::bootWeb()
15 SYSTEMPATH/rewrite.php(44): require_once('/opt/thors/playground/codeigneter/madinah-ci4/public/index.php')
